/depot/cms/kernels/coffea2024/lib/python3.10/site-packages/distributed/node.py:182: UserWarning: Port 8787 is already in use.
Perhaps you already have a cluster running?
Hosting the HTTP server on port 39515 instead
  warnings.warn(
  0%|          | 0/92 [00:00<?, ?it/s]/depot/cms/kernels/coffea2024/lib/python3.10/site-packages/coffea/nanoevents/methods/candidate.py:11: FutureWarning: In version 2024.7.0 (target date: 2024-06-30 11:59:59-05:00), this will be an error.
To raise these warnings as errors (and get stack traces to find out where they're called), run
    import warnings
    warnings.filterwarnings("error", module="coffea.*")
after the first `import coffea` or use `@pytest.mark.filterwarnings("error:::coffea.*")` in pytest.
Issue: coffea.nanoevents.methods.vector will be removed and replaced with scikit-hep vector. Nanoevents schemas internal to coffea will be migrated. Otherwise please consider using that package!.
  from coffea.nanoevents.methods import vector
/depot/cms/kernels/coffea2024/lib/python3.10/site-packages/coffea/nanoevents/methods/candidate.py:11: FutureWarning: In version 2024.7.0 (target date: 2024-06-30 11:59:59-05:00), this will be an error.
To raise these warnings as errors (and get stack traces to find out where they're called), run
    import warnings
    warnings.filterwarnings("error", module="coffea.*")
after the first `import coffea` or use `@pytest.mark.filterwarnings("error:::coffea.*")` in pytest.
Issue: coffea.nanoevents.methods.vector will be removed and replaced with scikit-hep vector. Nanoevents schemas internal to coffea will be migrated. Otherwise please consider using that package!.
  from coffea.nanoevents.methods import vector
  1%|          | 1/92 [00:47<1:12:26, 47.76s/it]2024-03-20 21:17:12,432 - distributed.utils_perf - WARNING - full garbage collections took 13% CPU time recently (threshold: 10%)
2024-03-20 21:17:13,749 - distributed.utils_perf - WARNING - full garbage collections took 13% CPU time recently (threshold: 10%)
2024-03-20 21:17:15,369 - distributed.utils_perf - WARNING - full garbage collections took 13% CPU time recently (threshold: 10%)
2024-03-20 21:17:16,943 - distributed.utils_perf - WARNING - full garbage collections took 13% CPU time recently (threshold: 10%)
2024-03-20 21:17:18,454 - distributed.utils_perf - WARNING - full garbage collections took 13% CPU time recently (threshold: 10%)
2024-03-20 21:17:20,093 - distributed.utils_perf - WARNING - full garbage collections took 13% CPU time recently (threshold: 10%)
2024-03-20 21:17:21,716 - distributed.utils_perf - WARNING - full garbage collections took 13% CPU time recently (threshold: 10%)
2024-03-20 21:17:23,326 - distributed.utils_perf - WARNING - full garbage collections took 13% CPU time recently (threshold: 10%)
2024-03-20 21:17:24,920 - distributed.utils_perf - WARNING - full garbage collections took 13% CPU time recently (threshold: 10%)
2024-03-20 21:17:26,571 - distributed.utils_perf - WARNING - full garbage collections took 14% CPU time recently (threshold: 10%)
2024-03-20 21:17:28,205 - distributed.utils_perf - WARNING - full garbage collections took 14% CPU time recently (threshold: 10%)
2024-03-20 21:17:29,979 - distributed.utils_perf - WARNING - full garbage collections took 14% CPU time recently (threshold: 10%)
2024-03-20 21:17:32,533 - distributed.utils_perf - WARNING - full garbage collections took 14% CPU time recently (threshold: 10%)
  2%|▏         | 2/92 [01:26<1:03:58, 42.65s/it]2024-03-20 21:17:37,682 - distributed.utils_perf - WARNING - full garbage collections took 14% CPU time recently (threshold: 10%)
2024-03-20 21:17:38,526 - distributed.utils_perf - WARNING - full garbage collections took 14% CPU time recently (threshold: 10%)
2024-03-20 21:17:39,847 - distributed.utils_perf - WARNING - full garbage collections took 14% CPU time recently (threshold: 10%)
2024-03-20 21:17:41,128 - distributed.utils_perf - WARNING - full garbage collections took 14% CPU time recently (threshold: 10%)
2024-03-20 21:17:42,464 - distributed.utils_perf - WARNING - full garbage collections took 14% CPU time recently (threshold: 10%)
2024-03-20 21:17:43,666 - distributed.utils_perf - WARNING - full garbage collections took 14% CPU time recently (threshold: 10%)
2024-03-20 21:17:44,575 - distributed.utils_perf - WARNING - full garbage collections took 14% CPU time recently (threshold: 10%)
2024-03-20 21:17:46,014 - distributed.utils_perf - WARNING - full garbage collections took 14% CPU time recently (threshold: 10%)
2024-03-20 21:17:47,432 - distributed.utils_perf - WARNING - full garbage collections took 15% CPU time recently (threshold: 10%)
2024-03-20 21:17:48,844 - distributed.utils_perf - WARNING - full garbage collections took 15% CPU time recently (threshold: 10%)
2024-03-20 21:17:50,245 - distributed.utils_perf - WARNING - full garbage collections took 15% CPU time recently (threshold: 10%)
2024-03-20 21:17:51,722 - distributed.utils_perf - WARNING - full garbage collections took 15% CPU time recently (threshold: 10%)
2024-03-20 21:17:53,158 - distributed.utils_perf - WARNING - full garbage collections took 15% CPU time recently (threshold: 10%)
2024-03-20 21:17:54,576 - distributed.utils_perf - WARNING - full garbage collections took 15% CPU time recently (threshold: 10%)
2024-03-20 21:17:55,983 - distributed.utils_perf - WARNING - full garbage collections took 15% CPU time recently (threshold: 10%)
2024-03-20 21:17:57,387 - distributed.utils_perf - WARNING - full garbage collections took 15% CPU time recently (threshold: 10%)
2024-03-20 21:17:58,635 - distributed.utils_perf - WARNING - full garbage collections took 15% CPU time recently (threshold: 10%)
2024-03-20 21:18:00,398 - distributed.utils_perf - WARNING - full garbage collections took 15% CPU time recently (threshold: 10%)
2024-03-20 21:18:01,516 - distributed.utils_perf - WARNING - full garbage collections took 15% CPU time recently (threshold: 10%)
2024-03-20 21:18:03,419 - distributed.utils_perf - WARNING - full garbage collections took 15% CPU time recently (threshold: 10%)
2024-03-20 21:18:04,690 - distributed.utils_perf - WARNING - full garbage collections took 14% CPU time recently (threshold: 10%)
2024-03-20 21:18:06,669 - distributed.utils_perf - WARNING - full garbage collections took 15% CPU time recently (threshold: 10%)
  3%|▎         | 3/92 [01:59<56:17, 37.95s/it]  2024-03-20 21:18:09,549 - distributed.utils_perf - WARNING - full garbage collections took 15% CPU time recently (threshold: 10%)
2024-03-20 21:18:10,692 - distributed.utils_perf - WARNING - full garbage collections took 15% CPU time recently (threshold: 10%)
2024-03-20 21:18:12,107 - distributed.utils_perf - WARNING - full garbage collections took 15% CPU time recently (threshold: 10%)
2024-03-20 21:18:12,879 - distributed.utils_perf - WARNING - full garbage collections took 14% CPU time recently (threshold: 10%)
2024-03-20 21:18:14,255 - distributed.utils_perf - WARNING - full garbage collections took 14% CPU time recently (threshold: 10%)
2024-03-20 21:18:18,945 - distributed.utils_perf - WARNING - full garbage collections took 14% CPU time recently (threshold: 10%)
2024-03-20 21:18:19,765 - distributed.utils_perf - WARNING - full garbage collections took 14% CPU time recently (threshold: 10%)
2024-03-20 21:18:23,048 - distributed.utils_perf - WARNING - full garbage collections took 14% CPU time recently (threshold: 10%)
2024-03-20 21:18:24,069 - distributed.utils_perf - WARNING - full garbage collections took 14% CPU time recently (threshold: 10%)
2024-03-20 21:18:25,559 - distributed.utils_perf - WARNING - full garbage collections took 14% CPU time recently (threshold: 10%)
2024-03-20 21:18:26,770 - distributed.utils_perf - WARNING - full garbage collections took 14% CPU time recently (threshold: 10%)
2024-03-20 21:18:27,995 - distributed.utils_perf - WARNING - full garbage collections took 14% CPU time recently (threshold: 10%)
2024-03-20 21:18:29,254 - distributed.utils_perf - WARNING - full garbage collections took 14% CPU time recently (threshold: 10%)
2024-03-20 21:18:30,562 - distributed.utils_perf - WARNING - full garbage collections took 14% CPU time recently (threshold: 10%)
2024-03-20 21:18:31,883 - distributed.utils_perf - WARNING - full garbage collections took 14% CPU time recently (threshold: 10%)
2024-03-20 21:18:33,278 - distributed.utils_perf - WARNING - full garbage collections took 14% CPU time recently (threshold: 10%)
2024-03-20 21:18:34,677 - distributed.utils_perf - WARNING - full garbage collections took 14% CPU time recently (threshold: 10%)
2024-03-20 21:18:36,116 - distributed.utils_perf - WARNING - full garbage collections took 14% CPU time recently (threshold: 10%)
  4%|▍         | 4/92 [02:28<50:23, 34.36s/it]2024-03-20 21:18:39,711 - distributed.utils_perf - WARNING - full garbage collections took 14% CPU time recently (threshold: 10%)
2024-03-20 21:18:41,172 - distributed.utils_perf - WARNING - full garbage collections took 14% CPU time recently (threshold: 10%)
2024-03-20 21:18:42,613 - distributed.utils_perf - WARNING - full garbage collections took 14% CPU time recently (threshold: 10%)
2024-03-20 21:18:44,128 - distributed.utils_perf - WARNING - full garbage collections took 14% CPU time recently (threshold: 10%)
2024-03-20 21:18:45,590 - distributed.utils_perf - WARNING - full garbage collections took 14% CPU time recently (threshold: 10%)
2024-03-20 21:18:46,792 - distributed.utils_perf - WARNING - full garbage collections took 14% CPU time recently (threshold: 10%)
2024-03-20 21:18:47,799 - distributed.utils_perf - WARNING - full garbage collections took 14% CPU time recently (threshold: 10%)
2024-03-20 21:18:49,426 - distributed.utils_perf - WARNING - full garbage collections took 14% CPU time recently (threshold: 10%)
2024-03-20 21:18:51,172 - distributed.utils_perf - WARNING - full garbage collections took 14% CPU time recently (threshold: 10%)
2024-03-20 21:18:52,841 - distributed.utils_perf - WARNING - full garbage collections took 14% CPU time recently (threshold: 10%)
2024-03-20 21:19:00,279 - distributed.utils_perf - WARNING - full garbage collections took 14% CPU time recently (threshold: 10%)
2024-03-20 21:19:03,101 - distributed.utils_perf - WARNING - full garbage collections took 14% CPU time recently (threshold: 10%)
2024-03-20 21:19:05,082 - distributed.utils_perf - WARNING - full garbage collections took 14% CPU time recently (threshold: 10%)
2024-03-20 21:19:06,271 - distributed.utils_perf - WARNING - full garbage collections took 14% CPU time recently (threshold: 10%)
2024-03-20 21:19:08,381 - distributed.utils_perf - WARNING - full garbage collections took 14% CPU time recently (threshold: 10%)
2024-03-20 21:19:09,851 - distributed.utils_perf - WARNING - full garbage collections took 14% CPU time recently (threshold: 10%)
2024-03-20 21:19:11,159 - distributed.utils_perf - WARNING - full garbage collections took 14% CPU time recently (threshold: 10%)
2024-03-20 21:19:13,274 - distributed.utils_perf - WARNING - full garbage collections took 14% CPU time recently (threshold: 10%)
2024-03-20 21:19:13,668 - distributed.worker.memory - WARNING - Unmanaged memory use is high. This may indicate a memory leak or the memory may not be released to the OS; see https://distributed.dask.org/en/latest/worker-memory.html#memory-not-released-back-to-the-os for more information. -- Unmanaged memory: 451.34 MiB -- Worker memory limit: 716.80 MiB
2024-03-20 21:19:15,047 - distributed.utils_perf - WARNING - full garbage collections took 14% CPU time recently (threshold: 10%)
2024-03-20 21:19:16,753 - distributed.utils_perf - WARNING - full garbage collections took 14% CPU time recently (threshold: 10%)
  5%|▌         | 5/92 [03:09<53:19, 36.77s/it]2024-03-20 21:19:19,786 - distributed.utils_perf - WARNING - full garbage collections took 14% CPU time recently (threshold: 10%)
2024-03-20 21:19:21,231 - distributed.utils_perf - WARNING - full garbage collections took 14% CPU time recently (threshold: 10%)
2024-03-20 21:19:22,883 - distributed.utils_perf - WARNING - full garbage collections took 15% CPU time recently (threshold: 10%)
2024-03-20 21:19:24,133 - distributed.utils_perf - WARNING - full garbage collections took 15% CPU time recently (threshold: 10%)
2024-03-20 21:19:25,853 - distributed.utils_perf - WARNING - full garbage collections took 15% CPU time recently (threshold: 10%)
2024-03-20 21:19:27,110 - distributed.utils_perf - WARNING - full garbage collections took 16% CPU time recently (threshold: 10%)
2024-03-20 21:19:28,884 - distributed.utils_perf - WARNING - full garbage collections took 16% CPU time recently (threshold: 10%)
2024-03-20 21:19:30,141 - distributed.utils_perf - WARNING - full garbage collections took 16% CPU time recently (threshold: 10%)
2024-03-20 21:19:31,831 - distributed.utils_perf - WARNING - full garbage collections took 16% CPU time recently (threshold: 10%)
2024-03-20 21:19:33,140 - distributed.utils_perf - WARNING - full garbage collections took 16% CPU time recently (threshold: 10%)
2024-03-20 21:19:35,001 - distributed.utils_perf - WARNING - full garbage collections took 16% CPU time recently (threshold: 10%)
2024-03-20 21:19:36,615 - distributed.utils_perf - WARNING - full garbage collections took 16% CPU time recently (threshold: 10%)
2024-03-20 21:19:37,976 - distributed.utils_perf - WARNING - full garbage collections took 16% CPU time recently (threshold: 10%)
2024-03-20 21:19:39,404 - distributed.utils_perf - WARNING - full garbage collections took 16% CPU time recently (threshold: 10%)
2024-03-20 21:19:41,385 - distributed.utils_perf - WARNING - full garbage collections took 16% CPU time recently (threshold: 10%)
2024-03-20 21:19:43,265 - distributed.utils_perf - WARNING - full garbage collections took 16% CPU time recently (threshold: 10%)
  7%|▋         | 6/92 [03:35<47:51, 33.39s/it]2024-03-20 21:19:46,782 - distributed.utils_perf - WARNING - full garbage collections took 16% CPU time recently (threshold: 10%)
2024-03-20 21:19:47,996 - distributed.utils_perf - WARNING - full garbage collections took 16% CPU time recently (threshold: 10%)
2024-03-20 21:19:48,861 - distributed.utils_perf - WARNING - full garbage collections took 16% CPU time recently (threshold: 10%)
2024-03-20 21:19:50,321 - distributed.utils_perf - WARNING - full garbage collections took 16% CPU time recently (threshold: 10%)
2024-03-20 21:19:51,747 - distributed.utils_perf - WARNING - full garbage collections took 16% CPU time recently (threshold: 10%)
2024-03-20 21:19:53,281 - distributed.utils_perf - WARNING - full garbage collections took 16% CPU time recently (threshold: 10%)
2024-03-20 21:19:54,728 - distributed.utils_perf - WARNING - full garbage collections took 16% CPU time recently (threshold: 10%)
2024-03-20 21:19:56,161 - distributed.utils_perf - WARNING - full garbage collections took 17% CPU time recently (threshold: 10%)
2024-03-20 21:19:57,657 - distributed.utils_perf - WARNING - full garbage collections took 17% CPU time recently (threshold: 10%)
2024-03-20 21:19:59,207 - distributed.utils_perf - WARNING - full garbage collections took 17% CPU time recently (threshold: 10%)
2024-03-20 21:20:00,854 - distributed.utils_perf - WARNING - full garbage collections took 18% CPU time recently (threshold: 10%)
2024-03-20 21:20:02,442 - distributed.utils_perf - WARNING - full garbage collections took 18% CPU time recently (threshold: 10%)
2024-03-20 21:20:04,013 - distributed.utils_perf - WARNING - full garbage collections took 18% CPU time recently (threshold: 10%)
2024-03-20 21:20:05,701 - distributed.utils_perf - WARNING - full garbage collections took 18% CPU time recently (threshold: 10%)
2024-03-20 21:20:07,332 - distributed.utils_perf - WARNING - full garbage collections took 18% CPU time recently (threshold: 10%)
2024-03-20 21:20:09,078 - distributed.utils_perf - WARNING - full garbage collections took 18% CPU time recently (threshold: 10%)
2024-03-20 21:20:11,493 - distributed.utils_perf - WARNING - full garbage collections took 18% CPU time recently (threshold: 10%)
2024-03-20 21:20:12,972 - distributed.worker.memory - WARNING - Unmanaged memory use is high. This may indicate a memory leak or the memory may not be released to the OS; see https://distributed.dask.org/en/latest/worker-memory.html#memory-not-released-back-to-the-os for more information. -- Unmanaged memory: 502.04 MiB -- Worker memory limit: 716.80 MiB
2024-03-20 21:20:13,546 - distributed.utils_perf - WARNING - full garbage collections took 19% CPU time recently (threshold: 10%)
2024-03-20 21:20:15,212 - distributed.utils_perf - WARNING - full garbage collections took 19% CPU time recently (threshold: 10%)
2024-03-20 21:20:16,902 - distributed.utils_perf - WARNING - full garbage collections took 19% CPU time recently (threshold: 10%)
  8%|▊         | 7/92 [04:09<47:12, 33.33s/it]2024-03-20 21:20:20,390 - distributed.utils_perf - WARNING - full garbage collections took 19% CPU time recently (threshold: 10%)
2024-03-20 21:20:22,242 - distributed.utils_perf - WARNING - full garbage collections took 19% CPU time recently (threshold: 10%)
2024-03-20 21:20:24,258 - distributed.utils_perf - WARNING - full garbage collections took 19% CPU time recently (threshold: 10%)
2024-03-20 21:20:25,767 - distributed.utils_perf - WARNING - full garbage collections took 18% CPU time recently (threshold: 10%)
2024-03-20 21:20:27,555 - distributed.utils_perf - WARNING - full garbage collections took 18% CPU time recently (threshold: 10%)
2024-03-20 21:20:29,142 - distributed.worker.memory - WARNING - Unmanaged memory use is high. This may indicate a memory leak or the memory may not be released to the OS; see https://distributed.dask.org/en/latest/worker-memory.html#memory-not-released-back-to-the-os for more information. -- Unmanaged memory: 511.07 MiB -- Worker memory limit: 716.80 MiB
2024-03-20 21:20:29,576 - distributed.utils_perf - WARNING - full garbage collections took 18% CPU time recently (threshold: 10%)
2024-03-20 21:20:31,104 - distributed.utils_perf - WARNING - full garbage collections took 18% CPU time recently (threshold: 10%)
2024-03-20 21:20:32,717 - distributed.utils_perf - WARNING - full garbage collections took 18% CPU time recently (threshold: 10%)
2024-03-20 21:20:34,319 - distributed.utils_perf - WARNING - full garbage collections took 18% CPU time recently (threshold: 10%)
2024-03-20 21:20:35,891 - distributed.utils_perf - WARNING - full garbage collections took 18% CPU time recently (threshold: 10%)
2024-03-20 21:20:37,668 - distributed.utils_perf - WARNING - full garbage collections took 18% CPU time recently (threshold: 10%)
2024-03-20 21:20:39,347 - distributed.worker.memory - WARNING - Unmanaged memory use is high. This may indicate a memory leak or the memory may not be released to the OS; see https://distributed.dask.org/en/latest/worker-memory.html#memory-not-released-back-to-the-os for more information. -- Unmanaged memory: 509.03 MiB -- Worker memory limit: 716.80 MiB
2024-03-20 21:20:39,828 - distributed.utils_perf - WARNING - full garbage collections took 18% CPU time recently (threshold: 10%)
2024-03-20 21:20:41,479 - distributed.utils_perf - WARNING - full garbage collections took 18% CPU time recently (threshold: 10%)
2024-03-20 21:20:43,130 - distributed.utils_perf - WARNING - full garbage collections took 18% CPU time recently (threshold: 10%)
2024-03-20 21:20:44,903 - distributed.utils_perf - WARNING - full garbage collections took 18% CPU time recently (threshold: 10%)
2024-03-20 21:20:47,036 - distributed.utils_perf - WARNING - full garbage collections took 18% CPU time recently (threshold: 10%)
2024-03-20 21:20:49,252 - distributed.utils_perf - WARNING - full garbage collections took 18% CPU time recently (threshold: 10%)
  9%|▊         | 8/92 [04:41<46:25, 33.16s/it]2024-03-20 21:20:52,924 - distributed.utils_perf - WARNING - full garbage collections took 18% CPU time recently (threshold: 10%)
2024-03-20 21:20:54,248 - distributed.utils_perf - WARNING - full garbage collections took 18% CPU time recently (threshold: 10%)
2024-03-20 21:20:55,574 - distributed.utils_perf - WARNING - full garbage collections took 18% CPU time recently (threshold: 10%)
2024-03-20 21:20:56,886 - distributed.utils_perf - WARNING - full garbage collections took 18% CPU time recently (threshold: 10%)
2024-03-20 21:20:58,141 - distributed.utils_perf - WARNING - full garbage collections took 18% CPU time recently (threshold: 10%)
2024-03-20 21:20:59,135 - distributed.utils_perf - WARNING - full garbage collections took 18% CPU time recently (threshold: 10%)
2024-03-20 21:21:00,864 - distributed.utils_perf - WARNING - full garbage collections took 18% CPU time recently (threshold: 10%)
2024-03-20 21:21:02,712 - distributed.utils_perf - WARNING - full garbage collections took 18% CPU time recently (threshold: 10%)
2024-03-20 21:21:04,031 - distributed.utils_perf - WARNING - full garbage collections took 18% CPU time recently (threshold: 10%)
2024-03-20 21:21:05,295 - distributed.utils_perf - WARNING - full garbage collections took 18% CPU time recently (threshold: 10%)
2024-03-20 21:21:07,134 - distributed.utils_perf - WARNING - full garbage collections took 18% CPU time recently (threshold: 10%)
2024-03-20 21:21:08,639 - distributed.utils_perf - WARNING - full garbage collections took 18% CPU time recently (threshold: 10%)
2024-03-20 21:21:10,105 - distributed.utils_perf - WARNING - full garbage collections took 18% CPU time recently (threshold: 10%)
2024-03-20 21:21:11,628 - distributed.utils_perf - WARNING - full garbage collections took 18% CPU time recently (threshold: 10%)
2024-03-20 21:21:13,299 - distributed.utils_perf - WARNING - full garbage collections took 18% CPU time recently (threshold: 10%)
2024-03-20 21:21:15,124 - distributed.utils_perf - WARNING - full garbage collections took 18% CPU time recently (threshold: 10%)
2024-03-20 21:21:16,887 - distributed.utils_perf - WARNING - full garbage collections took 18% CPU time recently (threshold: 10%)
 10%|▉         | 9/92 [05:09<43:17, 31.30s/it]2024-03-20 21:21:20,560 - distributed.utils_perf - WARNING - full garbage collections took 18% CPU time recently (threshold: 10%)
2024-03-20 21:21:22,216 - distributed.utils_perf - WARNING - full garbage collections took 18% CPU time recently (threshold: 10%)
2024-03-20 21:21:23,901 - distributed.utils_perf - WARNING - full garbage collections took 18% CPU time recently (threshold: 10%)
2024-03-20 21:21:25,524 - distributed.utils_perf - WARNING - full garbage collections took 18% CPU time recently (threshold: 10%)
2024-03-20 21:21:27,195 - distributed.utils_perf - WARNING - full garbage collections took 18% CPU time recently (threshold: 10%)
2024-03-20 21:21:28,872 - distributed.utils_perf - WARNING - full garbage collections took 18% CPU time recently (threshold: 10%)
2024-03-20 21:21:30,731 - distributed.utils_perf - WARNING - full garbage collections took 18% CPU time recently (threshold: 10%)
2024-03-20 21:21:32,148 - distributed.worker.memory - WARNING - Unmanaged memory use is high. This may indicate a memory leak or the memory may not be released to the OS; see https://distributed.dask.org/en/latest/worker-memory.html#memory-not-released-back-to-the-os for more information. -- Unmanaged memory: 508.89 MiB -- Worker memory limit: 716.80 MiB
2024-03-20 21:21:32,764 - distributed.utils_perf - WARNING - full garbage collections took 19% CPU time recently (threshold: 10%)
2024-03-20 21:21:34,350 - distributed.utils_perf - WARNING - full garbage collections took 19% CPU time recently (threshold: 10%)
2024-03-20 21:21:35,971 - distributed.utils_perf - WARNING - full garbage collections took 19% CPU time recently (threshold: 10%)
2024-03-20 21:21:37,631 - distributed.utils_perf - WARNING - full garbage collections took 19% CPU time recently (threshold: 10%)
2024-03-20 21:21:39,269 - distributed.utils_perf - WARNING - full garbage collections took 19% CPU time recently (threshold: 10%)
2024-03-20 21:21:40,915 - distributed.utils_perf - WARNING - full garbage collections took 19% CPU time recently (threshold: 10%)
2024-03-20 21:21:42,690 - distributed.utils_perf - WARNING - full garbage collections took 19% CPU time recently (threshold: 10%)
2024-03-20 21:21:44,555 - distributed.utils_perf - WARNING - full garbage collections took 19% CPU time recently (threshold: 10%)
2024-03-20 21:21:46,474 - distributed.utils_perf - WARNING - full garbage collections took 19% CPU time recently (threshold: 10%)
2024-03-20 21:21:47,437 - distributed.worker.memory - WARNING - Unmanaged memory use is high. This may indicate a memory leak or the memory may not be released to the OS; see https://distributed.dask.org/en/latest/worker-memory.html#memory-not-released-back-to-the-os for more information. -- Unmanaged memory: 504.05 MiB -- Worker memory limit: 716.80 MiB
2024-03-20 21:21:48,545 - distributed.utils_perf - WARNING - full garbage collections took 19% CPU time recently (threshold: 10%)
2024-03-20 21:21:50,918 - distributed.utils_perf - WARNING - full garbage collections took 19% CPU time recently (threshold: 10%)
 11%|█         | 10/92 [05:43<44:06, 32.27s/it]2024-03-20 21:21:53,795 - distributed.utils_perf - WARNING - full garbage collections took 19% CPU time recently (threshold: 10%)
2024-03-20 21:21:55,263 - distributed.utils_perf - WARNING - full garbage collections took 19% CPU time recently (threshold: 10%)
2024-03-20 21:21:56,565 - distributed.utils_perf - WARNING - full garbage collections took 19% CPU time recently (threshold: 10%)
2024-03-20 21:21:57,633 - distributed.worker.memory - WARNING - Unmanaged memory use is high. This may indicate a memory leak or the memory may not be released to the OS; see https://distributed.dask.org/en/latest/worker-memory.html#memory-not-released-back-to-the-os for more information. -- Unmanaged memory: 515.50 MiB -- Worker memory limit: 716.80 MiB
2024-03-20 21:21:57,972 - distributed.utils_perf - WARNING - full garbage collections took 18% CPU time recently (threshold: 10%)
2024-03-20 21:21:59,397 - distributed.utils_perf - WARNING - full garbage collections took 18% CPU time recently (threshold: 10%)
2024-03-20 21:22:00,906 - distributed.utils_perf - WARNING - full garbage collections took 18% CPU time recently (threshold: 10%)
2024-03-20 21:22:02,430 - distributed.utils_perf - WARNING - full garbage collections took 18% CPU time recently (threshold: 10%)
2024-03-20 21:22:04,012 - distributed.utils_perf - WARNING - full garbage collections took 18% CPU time recently (threshold: 10%)
2024-03-20 21:22:05,645 - distributed.utils_perf - WARNING - full garbage collections took 18% CPU time recently (threshold: 10%)
2024-03-20 21:22:07,502 - distributed.utils_perf - WARNING - full garbage collections took 18% CPU time recently (threshold: 10%)
2024-03-20 21:22:07,745 - distributed.worker.memory - WARNING - Unmanaged memory use is high. This may indicate a memory leak or the memory may not be released to the OS; see https://distributed.dask.org/en/latest/worker-memory.html#memory-not-released-back-to-the-os for more information. -- Unmanaged memory: 516.23 MiB -- Worker memory limit: 716.80 MiB
2024-03-20 21:22:09,528 - distributed.utils_perf - WARNING - full garbage collections took 18% CPU time recently (threshold: 10%)
2024-03-20 21:22:11,197 - distributed.utils_perf - WARNING - full garbage collections took 18% CPU time recently (threshold: 10%)
2024-03-20 21:22:13,079 - distributed.utils_perf - WARNING - full garbage collections took 18% CPU time recently (threshold: 10%)
2024-03-20 21:22:15,249 - distributed.utils_perf - WARNING - full garbage collections took 18% CPU time recently (threshold: 10%)
2024-03-20 21:22:16,998 - distributed.utils_perf - WARNING - full garbage collections took 18% CPU time recently (threshold: 10%)
2024-03-20 21:22:17,803 - distributed.worker.memory - WARNING - Unmanaged memory use is high. This may indicate a memory leak or the memory may not be released to the OS; see https://distributed.dask.org/en/latest/worker-memory.html#memory-not-released-back-to-the-os for more information. -- Unmanaged memory: 517.13 MiB -- Worker memory limit: 716.80 MiB
2024-03-20 21:22:19,369 - distributed.utils_perf - WARNING - full garbage collections took 18% CPU time recently (threshold: 10%)
2024-03-20 21:22:21,177 - distributed.utils_perf - WARNING - full garbage collections took 18% CPU time recently (threshold: 10%)
 12%|█▏        | 11/92 [06:13<42:30, 31.49s/it]2024-03-20 21:22:25,058 - distributed.utils_perf - WARNING - full garbage collections took 18% CPU time recently (threshold: 10%)
2024-03-20 21:22:26,705 - distributed.utils_perf - WARNING - full garbage collections took 18% CPU time recently (threshold: 10%)
2024-03-20 21:22:27,850 - distributed.worker.memory - WARNING - Unmanaged memory use is high. This may indicate a memory leak or the memory may not be released to the OS; see https://distributed.dask.org/en/latest/worker-memory.html#memory-not-released-back-to-the-os for more information. -- Unmanaged memory: 512.80 MiB -- Worker memory limit: 716.80 MiB
2024-03-20 21:22:28,184 - distributed.utils_perf - WARNING - full garbage collections took 18% CPU time recently (threshold: 10%)
2024-03-20 21:22:30,021 - distributed.utils_perf - WARNING - full garbage collections took 18% CPU time recently (threshold: 10%)
2024-03-20 21:22:31,565 - distributed.utils_perf - WARNING - full garbage collections took 18% CPU time recently (threshold: 10%)
2024-03-20 21:22:33,283 - distributed.utils_perf - WARNING - full garbage collections took 18% CPU time recently (threshold: 10%)
2024-03-20 21:22:35,810 - distributed.utils_perf - WARNING - full garbage collections took 18% CPU time recently (threshold: 10%)
2024-03-20 21:22:37,915 - distributed.utils_perf - WARNING - full garbage collections took 18% CPU time recently (threshold: 10%)
2024-03-20 21:22:37,957 - distributed.worker.memory - WARNING - Unmanaged memory use is high. This may indicate a memory leak or the memory may not be released to the OS; see https://distributed.dask.org/en/latest/worker-memory.html#memory-not-released-back-to-the-os for more information. -- Unmanaged memory: 513.58 MiB -- Worker memory limit: 716.80 MiB
2024-03-20 21:22:40,070 - distributed.utils_perf - WARNING - full garbage collections took 18% CPU time recently (threshold: 10%)
2024-03-20 21:22:42,379 - distributed.utils_perf - WARNING - full garbage collections took 18% CPU time recently (threshold: 10%)
2024-03-20 21:22:45,386 - distributed.utils_perf - WARNING - full garbage collections took 18% CPU time recently (threshold: 10%)
2024-03-20 21:22:47,021 - distributed.utils_perf - WARNING - full garbage collections took 18% CPU time recently (threshold: 10%)
2024-03-20 21:22:48,228 - distributed.worker.memory - WARNING - Unmanaged memory use is high. This may indicate a memory leak or the memory may not be released to the OS; see https://distributed.dask.org/en/latest/worker-memory.html#memory-not-released-back-to-the-os for more information. -- Unmanaged memory: 510.54 MiB -- Worker memory limit: 716.80 MiB
2024-03-20 21:22:49,201 - distributed.utils_perf - WARNING - full garbage collections took 18% CPU time recently (threshold: 10%)
2024-03-20 21:22:51,855 - distributed.utils_perf - WARNING - full garbage collections took 18% CPU time recently (threshold: 10%)
2024-03-20 21:22:53,931 - distributed.utils_perf - WARNING - full garbage collections took 17% CPU time recently (threshold: 10%)
2024-03-20 21:22:56,331 - distributed.utils_perf - WARNING - full garbage collections took 17% CPU time recently (threshold: 10%)
 13%|█▎        | 12/92 [06:48<43:37, 32.72s/it]2024-03-20 21:22:59,025 - distributed.worker.memory - WARNING - Unmanaged memory use is high. This may indicate a memory leak or the memory may not be released to the OS; see https://distributed.dask.org/en/latest/worker-memory.html#memory-not-released-back-to-the-os for more information. -- Unmanaged memory: 511.00 MiB -- Worker memory limit: 716.80 MiB
2024-03-20 21:23:05,162 - distributed.utils_perf - WARNING - full garbage collections took 17% CPU time recently (threshold: 10%)
2024-03-20 21:23:07,135 - distributed.utils_perf - WARNING - full garbage collections took 17% CPU time recently (threshold: 10%)
2024-03-20 21:23:09,249 - distributed.utils_perf - WARNING - full garbage collections took 17% CPU time recently (threshold: 10%)
2024-03-20 21:23:09,351 - distributed.worker.memory - WARNING - Unmanaged memory use is high. This may indicate a memory leak or the memory may not be released to the OS; see https://distributed.dask.org/en/latest/worker-memory.html#memory-not-released-back-to-the-os for more information. -- Unmanaged memory: 526.16 MiB -- Worker memory limit: 716.80 MiB
2024-03-20 21:23:11,437 - distributed.utils_perf - WARNING - full garbage collections took 18% CPU time recently (threshold: 10%)
2024-03-20 21:23:13,458 - distributed.utils_perf - WARNING - full garbage collections took 18% CPU time recently (threshold: 10%)
2024-03-20 21:23:15,760 - distributed.utils_perf - WARNING - full garbage collections took 18% CPU time recently (threshold: 10%)
2024-03-20 21:23:17,509 - distributed.utils_perf - WARNING - full garbage collections took 18% CPU time recently (threshold: 10%)
2024-03-20 21:23:19,284 - distributed.utils_perf - WARNING - full garbage collections took 18% CPU time recently (threshold: 10%)
2024-03-20 21:23:19,462 - distributed.worker.memory - WARNING - Unmanaged memory use is high. This may indicate a memory leak or the memory may not be released to the OS; see https://distributed.dask.org/en/latest/worker-memory.html#memory-not-released-back-to-the-os for more information. -- Unmanaged memory: 525.26 MiB -- Worker memory limit: 716.80 MiB
2024-03-20 21:23:21,658 - distributed.utils_perf - WARNING - full garbage collections took 18% CPU time recently (threshold: 10%)
2024-03-20 21:23:23,435 - distributed.utils_perf - WARNING - full garbage collections took 18% CPU time recently (threshold: 10%)
2024-03-20 21:23:25,283 - distributed.utils_perf - WARNING - full garbage collections took 18% CPU time recently (threshold: 10%)
2024-03-20 21:23:27,693 - distributed.utils_perf - WARNING - full garbage collections took 18% CPU time recently (threshold: 10%)
2024-03-20 21:23:29,526 - distributed.worker.memory - WARNING - Unmanaged memory use is high. This may indicate a memory leak or the memory may not be released to the OS; see https://distributed.dask.org/en/latest/worker-memory.html#memory-not-released-back-to-the-os for more information. -- Unmanaged memory: 509.68 MiB -- Worker memory limit: 716.80 MiB
2024-03-20 21:23:37,103 - distributed.utils_perf - WARNING - full garbage collections took 18% CPU time recently (threshold: 10%)
2024-03-20 21:23:39,164 - distributed.utils_perf - WARNING - full garbage collections took 18% CPU time recently (threshold: 10%)
2024-03-20 21:23:39,526 - distributed.worker.memory - WARNING - Unmanaged memory use is high. This may indicate a memory leak or the memory may not be released to the OS; see https://distributed.dask.org/en/latest/worker-memory.html#memory-not-released-back-to-the-os for more information. -- Unmanaged memory: 512.44 MiB -- Worker memory limit: 716.80 MiB
2024-03-20 21:23:42,044 - distributed.utils_perf - WARNING - full garbage collections took 18% CPU time recently (threshold: 10%)
 14%|█▍        | 13/92 [07:34<48:09, 36.57s/it]2024-03-20 21:23:45,488 - distributed.utils_perf - WARNING - full garbage collections took 18% CPU time recently (threshold: 10%)
2024-03-20 21:23:47,193 - distributed.utils_perf - WARNING - full garbage collections took 18% CPU time recently (threshold: 10%)
2024-03-20 21:23:49,285 - distributed.utils_perf - WARNING - full garbage collections took 18% CPU time recently (threshold: 10%)
2024-03-20 21:23:49,781 - distributed.worker.memory - WARNING - Unmanaged memory use is high. This may indicate a memory leak or the memory may not be released to the OS; see https://distributed.dask.org/en/latest/worker-memory.html#memory-not-released-back-to-the-os for more information. -- Unmanaged memory: 522.71 MiB -- Worker memory limit: 716.80 MiB
2024-03-20 21:23:50,957 - distributed.utils_perf - WARNING - full garbage collections took 18% CPU time recently (threshold: 10%)
2024-03-20 21:23:52,640 - distributed.utils_perf - WARNING - full garbage collections took 18% CPU time recently (threshold: 10%)
2024-03-20 21:23:54,387 - distributed.utils_perf - WARNING - full garbage collections took 18% CPU time recently (threshold: 10%)
2024-03-20 21:23:56,637 - distributed.utils_perf - WARNING - full garbage collections took 18% CPU time recently (threshold: 10%)
2024-03-20 21:23:58,370 - distributed.utils_perf - WARNING - full garbage collections took 18% CPU time recently (threshold: 10%)
2024-03-20 21:23:59,852 - distributed.worker.memory - WARNING - Unmanaged memory use is high. This may indicate a memory leak or the memory may not be released to the OS; see https://distributed.dask.org/en/latest/worker-memory.html#memory-not-released-back-to-the-os for more information. -- Unmanaged memory: 543.31 MiB -- Worker memory limit: 716.80 MiB
2024-03-20 21:24:00,227 - distributed.utils_perf - WARNING - full garbage collections took 18% CPU time recently (threshold: 10%)
2024-03-20 21:24:02,491 - distributed.utils_perf - WARNING - full garbage collections took 18% CPU time recently (threshold: 10%)
2024-03-20 21:24:02,492 - distributed.worker.memory - WARNING - Worker is at 80% memory usage. Pausing worker.  Process memory: 579.61 MiB -- Worker memory limit: 716.80 MiB
2024-03-20 21:24:02,730 - distributed.worker.memory - WARNING - Worker is at 73% memory usage. Resuming worker. Process memory: 524.91 MiB -- Worker memory limit: 716.80 MiB
2024-03-20 21:24:04,263 - distributed.utils_perf - WARNING - full garbage collections took 18% CPU time recently (threshold: 10%)
2024-03-20 21:24:06,117 - distributed.utils_perf - WARNING - full garbage collections took 18% CPU time recently (threshold: 10%)
2024-03-20 21:24:08,475 - distributed.utils_perf - WARNING - full garbage collections took 18% CPU time recently (threshold: 10%)
2024-03-20 21:24:09,856 - distributed.worker.memory - WARNING - Unmanaged memory use is high. This may indicate a memory leak or the memory may not be released to the OS; see https://distributed.dask.org/en/latest/worker-memory.html#memory-not-released-back-to-the-os for more information. -- Unmanaged memory: 544.87 MiB -- Worker memory limit: 716.80 MiB
2024-03-20 21:24:10,426 - distributed.utils_perf - WARNING - full garbage collections took 18% CPU time recently (threshold: 10%)
2024-03-20 21:24:12,912 - distributed.utils_perf - WARNING - full garbage collections took 18% CPU time recently (threshold: 10%)
 15%|█▌        | 14/92 [08:05<45:24, 34.93s/it]2024-03-20 21:24:16,716 - distributed.utils_perf - WARNING - full garbage collections took 19% CPU time recently (threshold: 10%)
2024-03-20 21:24:18,398 - distributed.utils_perf - WARNING - full garbage collections took 18% CPU time recently (threshold: 10%)
2024-03-20 21:24:20,125 - distributed.utils_perf - WARNING - full garbage collections took 18% CPU time recently (threshold: 10%)
2024-03-20 21:24:20,300 - distributed.worker.memory - WARNING - Unmanaged memory use is high. This may indicate a memory leak or the memory may not be released to the OS; see https://distributed.dask.org/en/latest/worker-memory.html#memory-not-released-back-to-the-os for more information. -- Unmanaged memory: 546.84 MiB -- Worker memory limit: 716.80 MiB
2024-03-20 21:24:21,834 - distributed.utils_perf - WARNING - full garbage collections took 18% CPU time recently (threshold: 10%)
2024-03-20 21:24:23,632 - distributed.utils_perf - WARNING - full garbage collections took 18% CPU time recently (threshold: 10%)
2024-03-20 21:24:25,479 - distributed.utils_perf - WARNING - full garbage collections took 19% CPU time recently (threshold: 10%)
2024-03-20 21:24:27,586 - distributed.utils_perf - WARNING - full garbage collections took 19% CPU time recently (threshold: 10%)
2024-03-20 21:24:29,279 - distributed.utils_perf - WARNING - full garbage collections took 18% CPU time recently (threshold: 10%)
2024-03-20 21:24:30,328 - distributed.worker.memory - WARNING - Unmanaged memory use is high. This may indicate a memory leak or the memory may not be released to the OS; see https://distributed.dask.org/en/latest/worker-memory.html#memory-not-released-back-to-the-os for more information. -- Unmanaged memory: 531.40 MiB -- Worker memory limit: 716.80 MiB
2024-03-20 21:24:31,094 - distributed.utils_perf - WARNING - full garbage collections took 19% CPU time recently (threshold: 10%)
2024-03-20 21:24:34,071 - distributed.utils_perf - WARNING - full garbage collections took 19% CPU time recently (threshold: 10%)
2024-03-20 21:24:37,233 - distributed.utils_perf - WARNING - full garbage collections took 19% CPU time recently (threshold: 10%)
2024-03-20 21:24:40,329 - distributed.worker.memory - WARNING - Unmanaged memory use is high. This may indicate a memory leak or the memory may not be released to the OS; see https://distributed.dask.org/en/latest/worker-memory.html#memory-not-released-back-to-the-os for more information. -- Unmanaged memory: 550.79 MiB -- Worker memory limit: 716.80 MiB
2024-03-20 21:24:40,879 - distributed.utils_perf - WARNING - full garbage collections took 19% CPU time recently (threshold: 10%)
2024-03-20 21:24:43,425 - distributed.worker.memory - WARNING - Worker is at 81% memory usage. Pausing worker.  Process memory: 581.54 MiB -- Worker memory limit: 716.80 MiB
2024-03-20 21:24:44,010 - distributed.utils_perf - WARNING - full garbage collections took 19% CPU time recently (threshold: 10%)
2024-03-20 21:24:44,035 - distributed.worker.memory - WARNING - Worker is at 75% memory usage. Resuming worker. Process memory: 539.52 MiB -- Worker memory limit: 716.80 MiB
2024-03-20 21:24:45,943 - distributed.utils_perf - WARNING - full garbage collections took 19% CPU time recently (threshold: 10%)
2024-03-20 21:24:47,964 - distributed.utils_perf - WARNING - full garbage collections took 19% CPU time recently (threshold: 10%)
2024-03-20 21:24:48,725 - distributed.worker.memory - WARNING - Worker is at 80% memory usage. Pausing worker.  Process memory: 577.35 MiB -- Worker memory limit: 716.80 MiB
2024-03-20 21:24:48,829 - distributed.worker.memory - WARNING - Worker is at 78% memory usage. Resuming worker. Process memory: 560.36 MiB -- Worker memory limit: 716.80 MiB
2024-03-20 21:24:50,028 - distributed.utils_perf - WARNING - full garbage collections took 19% CPU time recently (threshold: 10%)
2024-03-20 21:24:50,424 - distributed.worker.memory - WARNING - Unmanaged memory use is high. This may indicate a memory leak or the memory may not be released to the OS; see https://distributed.dask.org/en/latest/worker-memory.html#memory-not-released-back-to-the-os for more information. -- Unmanaged memory: 567.34 MiB -- Worker memory limit: 716.80 MiB
2024-03-20 21:24:51,625 - distributed.worker.memory - WARNING - Worker is at 81% memory usage. Pausing worker.  Process memory: 582.88 MiB -- Worker memory limit: 716.80 MiB
2024-03-20 21:24:52,639 - distributed.worker.memory - WARNING - Worker is at 77% memory usage. Resuming worker. Process memory: 558.13 MiB -- Worker memory limit: 716.80 MiB
2024-03-20 21:24:52,640 - distributed.utils_perf - WARNING - full garbage collections took 19% CPU time recently (threshold: 10%)
 16%|█▋        | 15/92 [08:44<46:36, 36.32s/it]2024-03-20 21:24:55,425 - distributed.worker.memory - WARNING - Worker is at 81% memory usage. Pausing worker.  Process memory: 581.25 MiB -- Worker memory limit: 716.80 MiB
2024-03-20 21:24:56,230 - distributed.utils_perf - WARNING - full garbage collections took 19% CPU time recently (threshold: 10%)
2024-03-20 21:24:56,343 - distributed.worker.memory - WARNING - Worker is at 77% memory usage. Resuming worker. Process memory: 557.07 MiB -- Worker memory limit: 716.80 MiB
2024-03-20 21:24:56,926 - distributed.worker.memory - WARNING - Worker is at 80% memory usage. Pausing worker.  Process memory: 579.34 MiB -- Worker memory limit: 716.80 MiB
2024-03-20 21:24:58,035 - distributed.worker.memory - WARNING - Worker is at 77% memory usage. Resuming worker. Process memory: 556.90 MiB -- Worker memory limit: 716.80 MiB
2024-03-20 21:24:58,036 - distributed.utils_perf - WARNING - full garbage collections took 19% CPU time recently (threshold: 10%)
2024-03-20 21:24:58,543 - distributed.worker.memory - WARNING - Worker is at 80% memory usage. Pausing worker.  Process memory: 575.57 MiB -- Worker memory limit: 716.80 MiB
2024-03-20 21:25:00,425 - distributed.worker.memory - WARNING - Unmanaged memory use is high. This may indicate a memory leak or the memory may not be released to the OS; see https://distributed.dask.org/en/latest/worker-memory.html#memory-not-released-back-to-the-os for more information. -- Unmanaged memory: 575.77 MiB -- Worker memory limit: 716.80 MiB
2024-03-20 21:25:10,527 - distributed.worker.memory - WARNING - Unmanaged memory use is high. This may indicate a memory leak or the memory may not be released to the OS; see https://distributed.dask.org/en/latest/worker-memory.html#memory-not-released-back-to-the-os for more information. -- Unmanaged memory: 575.77 MiB -- Worker memory limit: 716.80 MiB
2024-03-20 21:25:20,625 - distributed.worker.memory - WARNING - Unmanaged memory use is high. This may indicate a memory leak or the memory may not be released to the OS; see https://distributed.dask.org/en/latest/worker-memory.html#memory-not-released-back-to-the-os for more information. -- Unmanaged memory: 575.77 MiB -- Worker memory limit: 716.80 MiB
2024-03-20 21:25:30,626 - distributed.worker.memory - WARNING - Unmanaged memory use is high. This may indicate a memory leak or the memory may not be released to the OS; see https://distributed.dask.org/en/latest/worker-memory.html#memory-not-released-back-to-the-os for more information. -- Unmanaged memory: 575.77 MiB -- Worker memory limit: 716.80 MiB
2024-03-20 21:25:40,725 - distributed.worker.memory - WARNING - Unmanaged memory use is high. This may indicate a memory leak or the memory may not be released to the OS; see https://distributed.dask.org/en/latest/worker-memory.html#memory-not-released-back-to-the-os for more information. -- Unmanaged memory: 575.77 MiB -- Worker memory limit: 716.80 MiB
2024-03-20 21:25:50,825 - distributed.worker.memory - WARNING - Unmanaged memory use is high. This may indicate a memory leak or the memory may not be released to the OS; see https://distributed.dask.org/en/latest/worker-memory.html#memory-not-released-back-to-the-os for more information. -- Unmanaged memory: 575.77 MiB -- Worker memory limit: 716.80 MiB
2024-03-20 21:26:00,925 - distributed.worker.memory - WARNING - Unmanaged memory use is high. This may indicate a memory leak or the memory may not be released to the OS; see https://distributed.dask.org/en/latest/worker-memory.html#memory-not-released-back-to-the-os for more information. -- Unmanaged memory: 575.77 MiB -- Worker memory limit: 716.80 MiB
2024-03-20 21:26:11,026 - distributed.worker.memory - WARNING - Unmanaged memory use is high. This may indicate a memory leak or the memory may not be released to the OS; see https://distributed.dask.org/en/latest/worker-memory.html#memory-not-released-back-to-the-os for more information. -- Unmanaged memory: 575.77 MiB -- Worker memory limit: 716.80 MiB
2024-03-20 21:26:21,026 - distributed.worker.memory - WARNING - Unmanaged memory use is high. This may indicate a memory leak or the memory may not be released to the OS; see https://distributed.dask.org/en/latest/worker-memory.html#memory-not-released-back-to-the-os for more information. -- Unmanaged memory: 575.77 MiB -- Worker memory limit: 716.80 MiB
2024-03-20 21:26:31,125 - distributed.worker.memory - WARNING - Unmanaged memory use is high. This may indicate a memory leak or the memory may not be released to the OS; see https://distributed.dask.org/en/latest/worker-memory.html#memory-not-released-back-to-the-os for more information. -- Unmanaged memory: 575.85 MiB -- Worker memory limit: 716.80 MiB
2024-03-20 21:26:41,126 - distributed.worker.memory - WARNING - Unmanaged memory use is high. This may indicate a memory leak or the memory may not be released to the OS; see https://distributed.dask.org/en/latest/worker-memory.html#memory-not-released-back-to-the-os for more information. -- Unmanaged memory: 575.85 MiB -- Worker memory limit: 716.80 MiB
2024-03-20 21:26:51,225 - distributed.worker.memory - WARNING - Unmanaged memory use is high. This may indicate a memory leak or the memory may not be released to the OS; see https://distributed.dask.org/en/latest/worker-memory.html#memory-not-released-back-to-the-os for more information. -- Unmanaged memory: 575.85 MiB -- Worker memory limit: 716.80 MiB
2024-03-20 21:27:01,325 - distributed.worker.memory - WARNING - Unmanaged memory use is high. This may indicate a memory leak or the memory may not be released to the OS; see https://distributed.dask.org/en/latest/worker-memory.html#memory-not-released-back-to-the-os for more information. -- Unmanaged memory: 575.85 MiB -- Worker memory limit: 716.80 MiB
2024-03-20 21:27:11,424 - distributed.worker.memory - WARNING - Unmanaged memory use is high. This may indicate a memory leak or the memory may not be released to the OS; see https://distributed.dask.org/en/latest/worker-memory.html#memory-not-released-back-to-the-os for more information. -- Unmanaged memory: 575.85 MiB -- Worker memory limit: 716.80 MiB
2024-03-20 21:27:21,425 - distributed.worker.memory - WARNING - Unmanaged memory use is high. This may indicate a memory leak or the memory may not be released to the OS; see https://distributed.dask.org/en/latest/worker-memory.html#memory-not-released-back-to-the-os for more information. -- Unmanaged memory: 575.85 MiB -- Worker memory limit: 716.80 MiB
2024-03-20 21:27:31,526 - distributed.worker.memory - WARNING - Unmanaged memory use is high. This may indicate a memory leak or the memory may not be released to the OS; see https://distributed.dask.org/en/latest/worker-memory.html#memory-not-released-back-to-the-os for more information. -- Unmanaged memory: 575.85 MiB -- Worker memory limit: 716.80 MiB
2024-03-20 21:27:41,526 - distributed.worker.memory - WARNING - Unmanaged memory use is high. This may indicate a memory leak or the memory may not be released to the OS; see https://distributed.dask.org/en/latest/worker-memory.html#memory-not-released-back-to-the-os for more information. -- Unmanaged memory: 575.85 MiB -- Worker memory limit: 716.80 MiB
2024-03-20 21:27:51,624 - distributed.worker.memory - WARNING - Unmanaged memory use is high. This may indicate a memory leak or the memory may not be released to the OS; see https://distributed.dask.org/en/latest/worker-memory.html#memory-not-released-back-to-the-os for more information. -- Unmanaged memory: 575.85 MiB -- Worker memory limit: 716.80 MiB
2024-03-20 21:28:01,625 - distributed.worker.memory - WARNING - Unmanaged memory use is high. This may indicate a memory leak or the memory may not be released to the OS; see https://distributed.dask.org/en/latest/worker-memory.html#memory-not-released-back-to-the-os for more information. -- Unmanaged memory: 575.85 MiB -- Worker memory limit: 716.80 MiB
2024-03-20 21:28:11,724 - distributed.worker.memory - WARNING - Unmanaged memory use is high. This may indicate a memory leak or the memory may not be released to the OS; see https://distributed.dask.org/en/latest/worker-memory.html#memory-not-released-back-to-the-os for more information. -- Unmanaged memory: 575.85 MiB -- Worker memory limit: 716.80 MiB
2024-03-20 21:28:21,724 - distributed.worker.memory - WARNING - Unmanaged memory use is high. This may indicate a memory leak or the memory may not be released to the OS; see https://distributed.dask.org/en/latest/worker-memory.html#memory-not-released-back-to-the-os for more information. -- Unmanaged memory: 575.85 MiB -- Worker memory limit: 716.80 MiB
2024-03-20 21:28:31,825 - distributed.worker.memory - WARNING - Unmanaged memory use is high. This may indicate a memory leak or the memory may not be released to the OS; see https://distributed.dask.org/en/latest/worker-memory.html#memory-not-released-back-to-the-os for more information. -- Unmanaged memory: 575.85 MiB -- Worker memory limit: 716.80 MiB
2024-03-20 21:28:41,925 - distributed.worker.memory - WARNING - Unmanaged memory use is high. This may indicate a memory leak or the memory may not be released to the OS; see https://distributed.dask.org/en/latest/worker-memory.html#memory-not-released-back-to-the-os for more information. -- Unmanaged memory: 575.85 MiB -- Worker memory limit: 716.80 MiB
2024-03-20 21:28:51,925 - distributed.worker.memory - WARNING - Unmanaged memory use is high. This may indicate a memory leak or the memory may not be released to the OS; see https://distributed.dask.org/en/latest/worker-memory.html#memory-not-released-back-to-the-os for more information. -- Unmanaged memory: 575.85 MiB -- Worker memory limit: 716.80 MiB
2024-03-20 21:29:02,024 - distributed.worker.memory - WARNING - Unmanaged memory use is high. This may indicate a memory leak or the memory may not be released to the OS; see https://distributed.dask.org/en/latest/worker-memory.html#memory-not-released-back-to-the-os for more information. -- Unmanaged memory: 575.85 MiB -- Worker memory limit: 716.80 MiB
2024-03-20 21:29:12,026 - distributed.worker.memory - WARNING - Unmanaged memory use is high. This may indicate a memory leak or the memory may not be released to the OS; see https://distributed.dask.org/en/latest/worker-memory.html#memory-not-released-back-to-the-os for more information. -- Unmanaged memory: 575.85 MiB -- Worker memory limit: 716.80 MiB
2024-03-20 21:29:22,125 - distributed.worker.memory - WARNING - Unmanaged memory use is high. This may indicate a memory leak or the memory may not be released to the OS; see https://distributed.dask.org/en/latest/worker-memory.html#memory-not-released-back-to-the-os for more information. -- Unmanaged memory: 575.85 MiB -- Worker memory limit: 716.80 MiB
2024-03-20 21:29:32,224 - distributed.worker.memory - WARNING - Unmanaged memory use is high. This may indicate a memory leak or the memory may not be released to the OS; see https://distributed.dask.org/en/latest/worker-memory.html#memory-not-released-back-to-the-os for more information. -- Unmanaged memory: 575.85 MiB -- Worker memory limit: 716.80 MiB
2024-03-20 21:29:42,325 - distributed.worker.memory - WARNING - Unmanaged memory use is high. This may indicate a memory leak or the memory may not be released to the OS; see https://distributed.dask.org/en/latest/worker-memory.html#memory-not-released-back-to-the-os for more information. -- Unmanaged memory: 575.85 MiB -- Worker memory limit: 716.80 MiB
2024-03-20 21:29:52,325 - distributed.worker.memory - WARNING - Unmanaged memory use is high. This may indicate a memory leak or the memory may not be released to the OS; see https://distributed.dask.org/en/latest/worker-memory.html#memory-not-released-back-to-the-os for more information. -- Unmanaged memory: 575.85 MiB -- Worker memory limit: 716.80 MiB
2024-03-20 21:29:58,118 - distributed.scheduler - WARNING - Removing worker 'tcp://127.0.0.1:34943' caused the cluster to lose already computed task(s), which will be recomputed elsewhere: {('pt-895ebc459c191e20c7fdeb35df7af8e8', 7), ('pt-895ebc459c191e20c7fdeb35df7af8e8', 8), ('pt-895ebc459c191e20c7fdeb35df7af8e8', 9)} (stimulus_id='handle-worker-cleanup-1710966598.118028')
Process Dask Worker process (from Nanny):
Traceback (most recent call last):
  File "/depot/cms/kernels/coffea2024/lib/python3.10/multiprocessing/process.py", line 314, in _bootstrap
    self.run()
  File "/depot/cms/kernels/coffea2024/lib/python3.10/multiprocessing/process.py", line 108, in run
    self._target(*self._args, **self._kwargs)
  File "/depot/cms/kernels/coffea2024/lib/python3.10/site-packages/distributed/process.py", line 202, in _run
    target(*args, **kwargs)
  File "/depot/cms/kernels/coffea2024/lib/python3.10/site-packages/distributed/nanny.py", line 1021, in _run
    asyncio_run(run(), loop_factory=get_loop_factory())
  File "/depot/cms/kernels/coffea2024/lib/python3.10/site-packages/distributed/compatibility.py", line 236, in asyncio_run
    return loop.run_until_complete(main)
  File "/depot/cms/kernels/coffea2024/lib/python3.10/asyncio/base_events.py", line 636, in run_until_complete
    self.run_forever()
  File "/depot/cms/kernels/coffea2024/lib/python3.10/asyncio/base_events.py", line 603, in run_forever
    self._run_once()
  File "/depot/cms/kernels/coffea2024/lib/python3.10/asyncio/base_events.py", line 1871, in _run_once
    event_list = self._selector.select(timeout)
  File "/depot/cms/kernels/coffea2024/lib/python3.10/selectors.py", line 469, in select
    fd_event_list = self._selector.poll(timeout, max_ev)
KeyboardInterrupt
