/depot/cms/kernels/coffea2024/lib/python3.10/site-packages/distributed/node.py:182: UserWarning: Port 8787 is already in use.
Perhaps you already have a cluster running?
Hosting the HTTP server on port 45403 instead
  warnings.warn(
 28%|██▊       | 83/300 [09:36<30:04,  8.31s/it]/depot/cms/kernels/coffea2024/lib/python3.10/site-packages/distributed/client.py:3157: UserWarning: Sending large graph of size 36.47 MiB.
This may cause some slowdown.
Consider scattering data ahead of time and using futures.
  warnings.warn(
 28%|██▊       | 84/300 [09:59<45:23, 12.61s/it]/depot/cms/kernels/coffea2024/lib/python3.10/site-packages/distributed/client.py:3157: UserWarning: Sending large graph of size 33.92 MiB.
This may cause some slowdown.
Consider scattering data ahead of time and using futures.
  warnings.warn(
 28%|██▊       | 85/300 [10:18<52:45, 14.72s/it]/depot/cms/kernels/coffea2024/lib/python3.10/site-packages/distributed/client.py:3157: UserWarning: Sending large graph of size 24.55 MiB.
This may cause some slowdown.
Consider scattering data ahead of time and using futures.
  warnings.warn(
 29%|██▊       | 86/300 [10:34<53:35, 15.02s/it]/depot/cms/kernels/coffea2024/lib/python3.10/site-packages/distributed/client.py:3157: UserWarning: Sending large graph of size 28.82 MiB.
This may cause some slowdown.
Consider scattering data ahead of time and using futures.
  warnings.warn(
 29%|██▉       | 87/300 [11:02<1:06:46, 18.81s/it]/depot/cms/kernels/coffea2024/lib/python3.10/site-packages/distributed/client.py:3157: UserWarning: Sending large graph of size 32.52 MiB.
This may cause some slowdown.
Consider scattering data ahead of time and using futures.
  warnings.warn(
 29%|██▉       | 88/300 [11:29<1:15:57, 21.50s/it]/depot/cms/kernels/coffea2024/lib/python3.10/site-packages/distributed/client.py:3157: UserWarning: Sending large graph of size 37.11 MiB.
This may cause some slowdown.
Consider scattering data ahead of time and using futures.
  warnings.warn(
 30%|██▉       | 89/300 [11:47<1:11:52, 20.44s/it]/depot/cms/kernels/coffea2024/lib/python3.10/site-packages/distributed/client.py:3157: UserWarning: Sending large graph of size 29.61 MiB.
This may cause some slowdown.
Consider scattering data ahead of time and using futures.
  warnings.warn(
 30%|███       | 90/300 [12:09<1:12:47, 20.80s/it]/depot/cms/kernels/coffea2024/lib/python3.10/site-packages/distributed/client.py:3157: UserWarning: Sending large graph of size 20.88 MiB.
This may cause some slowdown.
Consider scattering data ahead of time and using futures.
  warnings.warn(
 30%|███       | 91/300 [12:22<1:04:37, 18.55s/it]/depot/cms/kernels/coffea2024/lib/python3.10/site-packages/distributed/client.py:3157: UserWarning: Sending large graph of size 34.97 MiB.
This may cause some slowdown.
Consider scattering data ahead of time and using futures.
  warnings.warn(
 31%|███       | 92/300 [12:39<1:02:13, 17.95s/it]/depot/cms/kernels/coffea2024/lib/python3.10/site-packages/distributed/client.py:3157: UserWarning: Sending large graph of size 16.73 MiB.
This may cause some slowdown.
Consider scattering data ahead of time and using futures.
  warnings.warn(
 31%|███       | 93/300 [13:02<1:07:40, 19.61s/it]/depot/cms/kernels/coffea2024/lib/python3.10/site-packages/distributed/client.py:3157: UserWarning: Sending large graph of size 26.72 MiB.
This may cause some slowdown.
Consider scattering data ahead of time and using futures.
  warnings.warn(
 31%|███▏      | 94/300 [13:26<1:11:37, 20.86s/it]/depot/cms/kernels/coffea2024/lib/python3.10/site-packages/distributed/client.py:3157: UserWarning: Sending large graph of size 24.97 MiB.
This may cause some slowdown.
Consider scattering data ahead of time and using futures.
  warnings.warn(
 32%|███▏      | 95/300 [13:39<1:02:36, 18.33s/it]/depot/cms/kernels/coffea2024/lib/python3.10/site-packages/distributed/client.py:3157: UserWarning: Sending large graph of size 22.08 MiB.
This may cause some slowdown.
Consider scattering data ahead of time and using futures.
  warnings.warn(
 32%|███▏      | 96/300 [13:50<55:30, 16.33s/it]  /depot/cms/kernels/coffea2024/lib/python3.10/site-packages/distributed/client.py:3157: UserWarning: Sending large graph of size 34.05 MiB.
This may cause some slowdown.
Consider scattering data ahead of time and using futures.
  warnings.warn(
 32%|███▏      | 97/300 [14:18<1:06:58, 19.80s/it]/depot/cms/kernels/coffea2024/lib/python3.10/site-packages/distributed/client.py:3157: UserWarning: Sending large graph of size 27.91 MiB.
This may cause some slowdown.
Consider scattering data ahead of time and using futures.
  warnings.warn(
 33%|███▎      | 98/300 [14:39<1:07:21, 20.01s/it]/depot/cms/kernels/coffea2024/lib/python3.10/site-packages/distributed/client.py:3157: UserWarning: Sending large graph of size 33.05 MiB.
This may cause some slowdown.
Consider scattering data ahead of time and using futures.
  warnings.warn(
 33%|███▎      | 99/300 [15:01<1:08:57, 20.59s/it]/depot/cms/kernels/coffea2024/lib/python3.10/site-packages/distributed/client.py:3157: UserWarning: Sending large graph of size 29.79 MiB.
This may cause some slowdown.
Consider scattering data ahead of time and using futures.
  warnings.warn(
 33%|███▎      | 100/300 [15:28<1:15:04, 22.52s/it]/depot/cms/kernels/coffea2024/lib/python3.10/site-packages/distributed/client.py:3157: UserWarning: Sending large graph of size 27.63 MiB.
This may cause some slowdown.
Consider scattering data ahead of time and using futures.
  warnings.warn(
 34%|███▎      | 101/300 [15:43<1:08:04, 20.52s/it]/depot/cms/kernels/coffea2024/lib/python3.10/site-packages/distributed/client.py:3157: UserWarning: Sending large graph of size 39.54 MiB.
This may cause some slowdown.
Consider scattering data ahead of time and using futures.
  warnings.warn(
 34%|███▍      | 102/300 [16:05<1:08:59, 20.91s/it]/depot/cms/kernels/coffea2024/lib/python3.10/site-packages/distributed/client.py:3157: UserWarning: Sending large graph of size 35.44 MiB.
This may cause some slowdown.
Consider scattering data ahead of time and using futures.
  warnings.warn(
 34%|███▍      | 103/300 [16:23<1:05:33, 19.97s/it]/depot/cms/kernels/coffea2024/lib/python3.10/site-packages/distributed/client.py:3157: UserWarning: Sending large graph of size 21.54 MiB.
This may cause some slowdown.
Consider scattering data ahead of time and using futures.
  warnings.warn(
 35%|███▍      | 104/300 [16:34<55:58, 17.14s/it]  /depot/cms/kernels/coffea2024/lib/python3.10/site-packages/distributed/client.py:3157: UserWarning: Sending large graph of size 37.80 MiB.
This may cause some slowdown.
Consider scattering data ahead of time and using futures.
  warnings.warn(
 35%|███▌      | 105/300 [16:53<57:49, 17.79s/it]/depot/cms/kernels/coffea2024/lib/python3.10/site-packages/distributed/client.py:3157: UserWarning: Sending large graph of size 27.54 MiB.
This may cause some slowdown.
Consider scattering data ahead of time and using futures.
  warnings.warn(
 35%|███▌      | 106/300 [17:18<1:04:57, 20.09s/it]/depot/cms/kernels/coffea2024/lib/python3.10/site-packages/distributed/client.py:3157: UserWarning: Sending large graph of size 21.18 MiB.
This may cause some slowdown.
Consider scattering data ahead of time and using futures.
  warnings.warn(
 36%|███▌      | 107/300 [17:30<56:18, 17.51s/it]  /depot/cms/kernels/coffea2024/lib/python3.10/site-packages/distributed/client.py:3157: UserWarning: Sending large graph of size 26.89 MiB.
This may cause some slowdown.
Consider scattering data ahead of time and using futures.
  warnings.warn(
 36%|███▌      | 108/300 [17:48<56:56, 17.79s/it]/depot/cms/kernels/coffea2024/lib/python3.10/site-packages/distributed/client.py:3157: UserWarning: Sending large graph of size 23.50 MiB.
This may cause some slowdown.
Consider scattering data ahead of time and using futures.
  warnings.warn(
 36%|███▋      | 109/300 [18:11<1:01:10, 19.22s/it]/depot/cms/kernels/coffea2024/lib/python3.10/site-packages/distributed/client.py:3157: UserWarning: Sending large graph of size 27.64 MiB.
This may cause some slowdown.
Consider scattering data ahead of time and using futures.
  warnings.warn(
 37%|███▋      | 110/300 [18:23<54:02, 17.07s/it]  /depot/cms/kernels/coffea2024/lib/python3.10/site-packages/distributed/client.py:3157: UserWarning: Sending large graph of size 31.64 MiB.
This may cause some slowdown.
Consider scattering data ahead of time and using futures.
  warnings.warn(
 37%|███▋      | 111/300 [18:40<53:58, 17.14s/it]/depot/cms/kernels/coffea2024/lib/python3.10/site-packages/distributed/client.py:3157: UserWarning: Sending large graph of size 25.55 MiB.
This may cause some slowdown.
Consider scattering data ahead of time and using futures.
  warnings.warn(
 37%|███▋      | 112/300 [18:55<51:26, 16.42s/it]2024-03-22 02:42:26,649 - distributed.utils_perf - WARNING - full garbage collections took 23% CPU time recently (threshold: 10%)
/depot/cms/kernels/coffea2024/lib/python3.10/site-packages/distributed/client.py:3157: UserWarning: Sending large graph of size 21.40 MiB.
This may cause some slowdown.
Consider scattering data ahead of time and using futures.
  warnings.warn(
 38%|███▊      | 114/300 [19:51<1:08:21, 22.05s/it]/depot/cms/kernels/coffea2024/lib/python3.10/site-packages/distributed/client.py:3157: UserWarning: Sending large graph of size 26.43 MiB.
This may cause some slowdown.
Consider scattering data ahead of time and using futures.
  warnings.warn(
 38%|███▊      | 115/300 [20:06<1:02:04, 20.13s/it]/depot/cms/kernels/coffea2024/lib/python3.10/site-packages/distributed/client.py:3157: UserWarning: Sending large graph of size 24.63 MiB.
This may cause some slowdown.
Consider scattering data ahead of time and using futures.
  warnings.warn(
 39%|███▊      | 116/300 [20:20<55:58, 18.25s/it]  /depot/cms/kernels/coffea2024/lib/python3.10/site-packages/distributed/client.py:3157: UserWarning: Sending large graph of size 32.17 MiB.
This may cause some slowdown.
Consider scattering data ahead of time and using futures.
  warnings.warn(
 39%|███▉      | 117/300 [20:35<52:26, 17.19s/it]/depot/cms/kernels/coffea2024/lib/python3.10/site-packages/distributed/client.py:3157: UserWarning: Sending large graph of size 38.39 MiB.
This may cause some slowdown.
Consider scattering data ahead of time and using futures.
  warnings.warn(
 39%|███▉      | 118/300 [20:55<54:43, 18.04s/it]/depot/cms/kernels/coffea2024/lib/python3.10/site-packages/distributed/client.py:3157: UserWarning: Sending large graph of size 33.45 MiB.
This may cause some slowdown.
Consider scattering data ahead of time and using futures.
  warnings.warn(
 40%|███▉      | 119/300 [21:11<52:22, 17.36s/it]/depot/cms/kernels/coffea2024/lib/python3.10/site-packages/distributed/client.py:3157: UserWarning: Sending large graph of size 31.46 MiB.
This may cause some slowdown.
Consider scattering data ahead of time and using futures.
  warnings.warn(
2024-03-22 02:44:47,182 - distributed.utils_perf - WARNING - full garbage collections took 23% CPU time recently (threshold: 10%)
 40%|████      | 120/300 [21:42<1:04:49, 21.61s/it]/depot/cms/kernels/coffea2024/lib/python3.10/site-packages/distributed/client.py:3157: UserWarning: Sending large graph of size 37.18 MiB.
This may cause some slowdown.
Consider scattering data ahead of time and using futures.
  warnings.warn(
 40%|████      | 121/300 [22:08<1:08:17, 22.89s/it]/depot/cms/kernels/coffea2024/lib/python3.10/site-packages/distributed/client.py:3157: UserWarning: Sending large graph of size 18.73 MiB.
This may cause some slowdown.
Consider scattering data ahead of time and using futures.
  warnings.warn(
 41%|████      | 122/300 [22:18<56:48, 19.15s/it]  /depot/cms/kernels/coffea2024/lib/python3.10/site-packages/distributed/client.py:3157: UserWarning: Sending large graph of size 31.32 MiB.
This may cause some slowdown.
Consider scattering data ahead of time and using futures.
  warnings.warn(
 41%|████      | 123/300 [22:47<1:04:41, 21.93s/it]/depot/cms/kernels/coffea2024/lib/python3.10/site-packages/distributed/client.py:3157: UserWarning: Sending large graph of size 36.16 MiB.
This may cause some slowdown.
Consider scattering data ahead of time and using futures.
  warnings.warn(
 41%|████▏     | 124/300 [23:07<1:02:43, 21.38s/it]/depot/cms/kernels/coffea2024/lib/python3.10/site-packages/distributed/client.py:3157: UserWarning: Sending large graph of size 34.14 MiB.
This may cause some slowdown.
Consider scattering data ahead of time and using futures.
  warnings.warn(
 42%|████▏     | 125/300 [23:35<1:08:27, 23.47s/it]/depot/cms/kernels/coffea2024/lib/python3.10/site-packages/distributed/client.py:3157: UserWarning: Sending large graph of size 17.58 MiB.
This may cause some slowdown.
Consider scattering data ahead of time and using futures.
  warnings.warn(
 42%|████▏     | 126/300 [23:44<55:14, 19.05s/it]  /depot/cms/kernels/coffea2024/lib/python3.10/site-packages/distributed/client.py:3157: UserWarning: Sending large graph of size 22.34 MiB.
This may cause some slowdown.
Consider scattering data ahead of time and using futures.
  warnings.warn(
 42%|████▏     | 127/300 [23:56<49:07, 17.04s/it]/depot/cms/kernels/coffea2024/lib/python3.10/site-packages/distributed/client.py:3157: UserWarning: Sending large graph of size 32.14 MiB.
This may cause some slowdown.
Consider scattering data ahead of time and using futures.
  warnings.warn(
2024-03-22 02:47:29,687 - distributed.utils_perf - WARNING - full garbage collections took 23% CPU time recently (threshold: 10%)
 43%|████▎     | 128/300 [24:25<59:00, 20.58s/it]/depot/cms/kernels/coffea2024/lib/python3.10/site-packages/distributed/client.py:3157: UserWarning: Sending large graph of size 32.78 MiB.
This may cause some slowdown.
Consider scattering data ahead of time and using futures.
  warnings.warn(
 43%|████▎     | 129/300 [24:46<58:51, 20.65s/it]/depot/cms/kernels/coffea2024/lib/python3.10/site-packages/distributed/client.py:3157: UserWarning: Sending large graph of size 21.91 MiB.
This may cause some slowdown.
Consider scattering data ahead of time and using futures.
  warnings.warn(
 43%|████▎     | 130/300 [25:00<52:44, 18.62s/it]/depot/cms/kernels/coffea2024/lib/python3.10/site-packages/distributed/client.py:3157: UserWarning: Sending large graph of size 39.14 MiB.
This may cause some slowdown.
Consider scattering data ahead of time and using futures.
  warnings.warn(
 44%|████▎     | 131/300 [25:29<1:01:31, 21.84s/it]/depot/cms/kernels/coffea2024/lib/python3.10/site-packages/distributed/client.py:3157: UserWarning: Sending large graph of size 18.31 MiB.
This may cause some slowdown.
Consider scattering data ahead of time and using futures.
  warnings.warn(
 44%|████▍     | 132/300 [25:44<55:17, 19.75s/it]  /depot/cms/kernels/coffea2024/lib/python3.10/site-packages/distributed/client.py:3157: UserWarning: Sending large graph of size 21.68 MiB.
This may cause some slowdown.
Consider scattering data ahead of time and using futures.
  warnings.warn(
 44%|████▍     | 133/300 [26:04<54:51, 19.71s/it]/depot/cms/kernels/coffea2024/lib/python3.10/site-packages/distributed/client.py:3157: UserWarning: Sending large graph of size 21.71 MiB.
This may cause some slowdown.
Consider scattering data ahead of time and using futures.
  warnings.warn(
 45%|████▍     | 134/300 [26:16<48:00, 17.35s/it]/depot/cms/kernels/coffea2024/lib/python3.10/site-packages/distributed/client.py:3157: UserWarning: Sending large graph of size 25.68 MiB.
This may cause some slowdown.
Consider scattering data ahead of time and using futures.
  warnings.warn(
 45%|████▌     | 135/300 [26:28<43:59, 16.00s/it]/depot/cms/kernels/coffea2024/lib/python3.10/site-packages/distributed/client.py:3157: UserWarning: Sending large graph of size 20.44 MiB.
This may cause some slowdown.
Consider scattering data ahead of time and using futures.
  warnings.warn(
2024-03-22 02:50:02,437 - distributed.utils_perf - WARNING - full garbage collections took 23% CPU time recently (threshold: 10%)
 45%|████▌     | 136/300 [26:53<50:52, 18.61s/it]/depot/cms/kernels/coffea2024/lib/python3.10/site-packages/distributed/client.py:3157: UserWarning: Sending large graph of size 20.65 MiB.
This may cause some slowdown.
Consider scattering data ahead of time and using futures.
  warnings.warn(
 46%|████▌     | 137/300 [27:07<47:02, 17.32s/it]/depot/cms/kernels/coffea2024/lib/python3.10/site-packages/distributed/client.py:3157: UserWarning: Sending large graph of size 36.06 MiB.
This may cause some slowdown.
Consider scattering data ahead of time and using futures.
  warnings.warn(
 46%|████▌     | 138/300 [27:27<48:56, 18.13s/it]/depot/cms/kernels/coffea2024/lib/python3.10/site-packages/distributed/client.py:3157: UserWarning: Sending large graph of size 29.84 MiB.
This may cause some slowdown.
Consider scattering data ahead of time and using futures.
  warnings.warn(
 46%|████▋     | 139/300 [27:47<49:59, 18.63s/it]/depot/cms/kernels/coffea2024/lib/python3.10/site-packages/distributed/client.py:3157: UserWarning: Sending large graph of size 32.80 MiB.
This may cause some slowdown.
Consider scattering data ahead of time and using futures.
  warnings.warn(
 47%|████▋     | 140/300 [28:08<51:16, 19.23s/it]/depot/cms/kernels/coffea2024/lib/python3.10/site-packages/distributed/client.py:3157: UserWarning: Sending large graph of size 25.06 MiB.
This may cause some slowdown.
Consider scattering data ahead of time and using futures.
  warnings.warn(
 47%|████▋     | 141/300 [28:22<46:35, 17.58s/it]/depot/cms/kernels/coffea2024/lib/python3.10/site-packages/distributed/client.py:3157: UserWarning: Sending large graph of size 33.73 MiB.
This may cause some slowdown.
Consider scattering data ahead of time and using futures.
  warnings.warn(
 47%|████▋     | 142/300 [28:42<48:49, 18.54s/it]/depot/cms/kernels/coffea2024/lib/python3.10/site-packages/distributed/client.py:3157: UserWarning: Sending large graph of size 34.90 MiB.
This may cause some slowdown.
Consider scattering data ahead of time and using futures.
  warnings.warn(
 48%|████▊     | 143/300 [29:11<56:08, 21.45s/it]/depot/cms/kernels/coffea2024/lib/python3.10/site-packages/distributed/client.py:3157: UserWarning: Sending large graph of size 26.26 MiB.
This may cause some slowdown.
Consider scattering data ahead of time and using futures.
  warnings.warn(
 48%|████▊     | 144/300 [29:29<53:34, 20.61s/it]/depot/cms/kernels/coffea2024/lib/python3.10/site-packages/distributed/client.py:3157: UserWarning: Sending large graph of size 32.63 MiB.
This may cause some slowdown.
Consider scattering data ahead of time and using futures.
  warnings.warn(
2024-03-22 02:53:04,508 - distributed.utils_perf - WARNING - full garbage collections took 23% CPU time recently (threshold: 10%)
 48%|████▊     | 145/300 [30:04<1:03:53, 24.74s/it]/depot/cms/kernels/coffea2024/lib/python3.10/site-packages/distributed/client.py:3157: UserWarning: Sending large graph of size 38.16 MiB.
This may cause some slowdown.
Consider scattering data ahead of time and using futures.
  warnings.warn(
 49%|████▊     | 146/300 [30:27<1:02:22, 24.30s/it]/depot/cms/kernels/coffea2024/lib/python3.10/site-packages/distributed/client.py:3157: UserWarning: Sending large graph of size 36.67 MiB.
This may cause some slowdown.
Consider scattering data ahead of time and using futures.
  warnings.warn(
 49%|████▉     | 147/300 [30:55<1:04:46, 25.40s/it]/depot/cms/kernels/coffea2024/lib/python3.10/site-packages/distributed/client.py:3157: UserWarning: Sending large graph of size 33.52 MiB.
This may cause some slowdown.
Consider scattering data ahead of time and using futures.
  warnings.warn(
 49%|████▉     | 148/300 [31:12<58:05, 22.93s/it]  /depot/cms/kernels/coffea2024/lib/python3.10/site-packages/distributed/client.py:3157: UserWarning: Sending large graph of size 37.91 MiB.
This may cause some slowdown.
Consider scattering data ahead of time and using futures.
  warnings.warn(
 50%|████▉     | 149/300 [31:33<56:18, 22.37s/it]/depot/cms/kernels/coffea2024/lib/python3.10/site-packages/distributed/client.py:3157: UserWarning: Sending large graph of size 35.72 MiB.
This may cause some slowdown.
Consider scattering data ahead of time and using futures.
  warnings.warn(
 50%|█████     | 150/300 [31:57<57:18, 22.93s/it]/depot/cms/kernels/coffea2024/lib/python3.10/site-packages/distributed/client.py:3157: UserWarning: Sending large graph of size 34.76 MiB.
This may cause some slowdown.
Consider scattering data ahead of time and using futures.
  warnings.warn(
 50%|█████     | 151/300 [32:15<52:47, 21.26s/it]/depot/cms/kernels/coffea2024/lib/python3.10/site-packages/distributed/client.py:3157: UserWarning: Sending large graph of size 28.04 MiB.
This may cause some slowdown.
Consider scattering data ahead of time and using futures.
  warnings.warn(
 51%|█████     | 152/300 [32:30<48:03, 19.49s/it]/depot/cms/kernels/coffea2024/lib/python3.10/site-packages/distributed/client.py:3157: UserWarning: Sending large graph of size 35.18 MiB.
This may cause some slowdown.
Consider scattering data ahead of time and using futures.
  warnings.warn(
 51%|█████     | 153/300 [32:45<44:01, 17.97s/it]/depot/cms/kernels/coffea2024/lib/python3.10/site-packages/distributed/client.py:3157: UserWarning: Sending large graph of size 34.71 MiB.
This may cause some slowdown.
Consider scattering data ahead of time and using futures.
  warnings.warn(
2024-03-22 02:56:20,843 - distributed.utils_perf - WARNING - full garbage collections took 23% CPU time recently (threshold: 10%)
 51%|█████▏    | 154/300 [33:15<53:07, 21.84s/it]/depot/cms/kernels/coffea2024/lib/python3.10/site-packages/distributed/client.py:3157: UserWarning: Sending large graph of size 37.44 MiB.
This may cause some slowdown.
Consider scattering data ahead of time and using futures.
  warnings.warn(
 52%|█████▏    | 156/300 [34:08<55:16, 23.03s/it]  /depot/cms/kernels/coffea2024/lib/python3.10/site-packages/distributed/client.py:3157: UserWarning: Sending large graph of size 32.79 MiB.
This may cause some slowdown.
Consider scattering data ahead of time and using futures.
  warnings.warn(
 52%|█████▏    | 157/300 [34:23<49:26, 20.74s/it]/depot/cms/kernels/coffea2024/lib/python3.10/site-packages/distributed/client.py:3157: UserWarning: Sending large graph of size 36.60 MiB.
This may cause some slowdown.
Consider scattering data ahead of time and using futures.
  warnings.warn(
 53%|█████▎    | 158/300 [34:51<53:50, 22.75s/it]/depot/cms/kernels/coffea2024/lib/python3.10/site-packages/distributed/client.py:3157: UserWarning: Sending large graph of size 37.84 MiB.
This may cause some slowdown.
Consider scattering data ahead of time and using futures.
  warnings.warn(
 53%|█████▎    | 159/300 [35:15<54:29, 23.19s/it]/depot/cms/kernels/coffea2024/lib/python3.10/site-packages/distributed/client.py:3157: UserWarning: Sending large graph of size 35.28 MiB.
This may cause some slowdown.
Consider scattering data ahead of time and using futures.
  warnings.warn(
 53%|█████▎    | 160/300 [35:39<55:00, 23.58s/it]/depot/cms/kernels/coffea2024/lib/python3.10/site-packages/distributed/client.py:3157: UserWarning: Sending large graph of size 37.29 MiB.
This may cause some slowdown.
Consider scattering data ahead of time and using futures.
  warnings.warn(
 54%|█████▎    | 161/300 [35:59<52:06, 22.49s/it]/depot/cms/kernels/coffea2024/lib/python3.10/site-packages/distributed/client.py:3157: UserWarning: Sending large graph of size 34.54 MiB.
This may cause some slowdown.
Consider scattering data ahead of time and using futures.
  warnings.warn(
 54%|█████▍    | 162/300 [36:27<55:06, 23.96s/it]/depot/cms/kernels/coffea2024/lib/python3.10/site-packages/distributed/client.py:3157: UserWarning: Sending large graph of size 36.20 MiB.
This may cause some slowdown.
Consider scattering data ahead of time and using futures.
  warnings.warn(
 54%|█████▍    | 163/300 [36:54<57:00, 24.97s/it]/depot/cms/kernels/coffea2024/lib/python3.10/site-packages/distributed/client.py:3157: UserWarning: Sending large graph of size 39.80 MiB.
This may cause some slowdown.
Consider scattering data ahead of time and using futures.
  warnings.warn(
2024-03-22 03:00:31,181 - distributed.utils_perf - WARNING - full garbage collections took 23% CPU time recently (threshold: 10%)
 55%|█████▌    | 165/300 [37:46<54:52, 24.39s/it]  /depot/cms/kernels/coffea2024/lib/python3.10/site-packages/distributed/client.py:3157: UserWarning: Sending large graph of size 35.53 MiB.
This may cause some slowdown.
Consider scattering data ahead of time and using futures.
  warnings.warn(
 55%|█████▌    | 166/300 [38:01<48:26, 21.69s/it]/depot/cms/kernels/coffea2024/lib/python3.10/site-packages/distributed/client.py:3157: UserWarning: Sending large graph of size 29.85 MiB.
This may cause some slowdown.
Consider scattering data ahead of time and using futures.
  warnings.warn(
 56%|█████▌    | 167/300 [38:20<46:06, 20.80s/it]/depot/cms/kernels/coffea2024/lib/python3.10/site-packages/distributed/client.py:3157: UserWarning: Sending large graph of size 38.18 MiB.
This may cause some slowdown.
Consider scattering data ahead of time and using futures.
  warnings.warn(
 56%|█████▌    | 168/300 [38:45<48:34, 22.08s/it]/depot/cms/kernels/coffea2024/lib/python3.10/site-packages/distributed/client.py:3157: UserWarning: Sending large graph of size 30.02 MiB.
This may cause some slowdown.
Consider scattering data ahead of time and using futures.
  warnings.warn(
 56%|█████▋    | 169/300 [39:02<45:05, 20.65s/it]/depot/cms/kernels/coffea2024/lib/python3.10/site-packages/distributed/client.py:3157: UserWarning: Sending large graph of size 23.47 MiB.
This may cause some slowdown.
Consider scattering data ahead of time and using futures.
  warnings.warn(
 57%|█████▋    | 170/300 [39:15<39:54, 18.42s/it]/depot/cms/kernels/coffea2024/lib/python3.10/site-packages/distributed/client.py:3157: UserWarning: Sending large graph of size 37.42 MiB.
This may cause some slowdown.
Consider scattering data ahead of time and using futures.
  warnings.warn(
 57%|█████▋    | 171/300 [39:50<50:27, 23.47s/it]/depot/cms/kernels/coffea2024/lib/python3.10/site-packages/distributed/client.py:3157: UserWarning: Sending large graph of size 35.68 MiB.
This may cause some slowdown.
Consider scattering data ahead of time and using futures.
  warnings.warn(
 57%|█████▋    | 172/300 [40:09<47:04, 22.07s/it]/depot/cms/kernels/coffea2024/lib/python3.10/site-packages/distributed/client.py:3157: UserWarning: Sending large graph of size 33.85 MiB.
This may cause some slowdown.
Consider scattering data ahead of time and using futures.
  warnings.warn(
 58%|█████▊    | 173/300 [40:24<41:53, 19.79s/it]/depot/cms/kernels/coffea2024/lib/python3.10/site-packages/distributed/client.py:3157: UserWarning: Sending large graph of size 37.78 MiB.
This may cause some slowdown.
Consider scattering data ahead of time and using futures.
  warnings.warn(
2024-03-22 03:04:02,937 - distributed.utils_perf - WARNING - full garbage collections took 23% CPU time recently (threshold: 10%)
 58%|█████▊    | 174/300 [41:08<56:42, 27.01s/it]/depot/cms/kernels/coffea2024/lib/python3.10/site-packages/distributed/client.py:3157: UserWarning: Sending large graph of size 33.89 MiB.
This may cause some slowdown.
Consider scattering data ahead of time and using futures.
  warnings.warn(
 58%|█████▊    | 175/300 [41:30<53:26, 25.65s/it]/depot/cms/kernels/coffea2024/lib/python3.10/site-packages/distributed/client.py:3157: UserWarning: Sending large graph of size 38.83 MiB.
This may cause some slowdown.
Consider scattering data ahead of time and using futures.
  warnings.warn(
 59%|█████▊    | 176/300 [42:01<56:00, 27.10s/it]/depot/cms/kernels/coffea2024/lib/python3.10/site-packages/distributed/client.py:3157: UserWarning: Sending large graph of size 37.56 MiB.
This may cause some slowdown.
Consider scattering data ahead of time and using futures.
  warnings.warn(
 59%|█████▉    | 177/300 [42:16<48:37, 23.72s/it]/depot/cms/kernels/coffea2024/lib/python3.10/site-packages/distributed/client.py:3157: UserWarning: Sending large graph of size 33.23 MiB.
This may cause some slowdown.
Consider scattering data ahead of time and using futures.
  warnings.warn(
 59%|█████▉    | 178/300 [42:35<45:02, 22.15s/it]/depot/cms/kernels/coffea2024/lib/python3.10/site-packages/distributed/client.py:3157: UserWarning: Sending large graph of size 31.21 MiB.
This may cause some slowdown.
Consider scattering data ahead of time and using futures.
  warnings.warn(
 60%|█████▉    | 179/300 [42:52<41:34, 20.61s/it]/depot/cms/kernels/coffea2024/lib/python3.10/site-packages/distributed/client.py:3157: UserWarning: Sending large graph of size 29.78 MiB.
This may cause some slowdown.
Consider scattering data ahead of time and using futures.
  warnings.warn(
 60%|██████    | 180/300 [43:09<39:08, 19.57s/it]/depot/cms/kernels/coffea2024/lib/python3.10/site-packages/distributed/client.py:3157: UserWarning: Sending large graph of size 37.69 MiB.
This may cause some slowdown.
Consider scattering data ahead of time and using futures.
  warnings.warn(
 60%|██████    | 181/300 [43:37<43:45, 22.06s/it]/depot/cms/kernels/coffea2024/lib/python3.10/site-packages/distributed/client.py:3157: UserWarning: Sending large graph of size 33.56 MiB.
This may cause some slowdown.
Consider scattering data ahead of time and using futures.
  warnings.warn(
 61%|██████    | 182/300 [44:02<44:54, 22.84s/it]/depot/cms/kernels/coffea2024/lib/python3.10/site-packages/distributed/client.py:3157: UserWarning: Sending large graph of size 35.21 MiB.
This may cause some slowdown.
Consider scattering data ahead of time and using futures.
  warnings.warn(
 61%|██████    | 183/300 [44:25<44:56, 23.05s/it]/depot/cms/kernels/coffea2024/lib/python3.10/site-packages/distributed/client.py:3157: UserWarning: Sending large graph of size 24.02 MiB.
This may cause some slowdown.
Consider scattering data ahead of time and using futures.
  warnings.warn(
 61%|██████▏   | 184/300 [44:38<38:54, 20.13s/it]2024-03-22 03:08:18,299 - distributed.utils_perf - WARNING - full garbage collections took 20% CPU time recently (threshold: 10%)
/depot/cms/kernels/coffea2024/lib/python3.10/site-packages/distributed/client.py:3157: UserWarning: Sending large graph of size 31.19 MiB.
This may cause some slowdown.
Consider scattering data ahead of time and using futures.
  warnings.warn(
 62%|██████▏   | 185/300 [45:15<48:13, 25.16s/it]/depot/cms/kernels/coffea2024/lib/python3.10/site-packages/distributed/client.py:3157: UserWarning: Sending large graph of size 36.07 MiB.
This may cause some slowdown.
Consider scattering data ahead of time and using futures.
  warnings.warn(
 63%|██████▎   | 188/300 [46:14<37:46, 20.24s/it]/depot/cms/kernels/coffea2024/lib/python3.10/site-packages/distributed/client.py:3157: UserWarning: Sending large graph of size 35.58 MiB.
This may cause some slowdown.
Consider scattering data ahead of time and using futures.
  warnings.warn(
 63%|██████▎   | 189/300 [46:47<44:02, 23.81s/it]/depot/cms/kernels/coffea2024/lib/python3.10/site-packages/distributed/client.py:3157: UserWarning: Sending large graph of size 33.86 MiB.
This may cause some slowdown.
Consider scattering data ahead of time and using futures.
  warnings.warn(
 63%|██████▎   | 190/300 [47:03<39:50, 21.73s/it]/depot/cms/kernels/coffea2024/lib/python3.10/site-packages/distributed/client.py:3157: UserWarning: Sending large graph of size 24.91 MiB.
This may cause some slowdown.
Consider scattering data ahead of time and using futures.
  warnings.warn(
 64%|██████▎   | 191/300 [47:15<34:08, 18.79s/it]/depot/cms/kernels/coffea2024/lib/python3.10/site-packages/distributed/client.py:3157: UserWarning: Sending large graph of size 38.43 MiB.
This may cause some slowdown.
Consider scattering data ahead of time and using futures.
  warnings.warn(
 64%|██████▍   | 192/300 [47:42<38:20, 21.30s/it]/depot/cms/kernels/coffea2024/lib/python3.10/site-packages/distributed/client.py:3157: UserWarning: Sending large graph of size 21.27 MiB.
This may cause some slowdown.
Consider scattering data ahead of time and using futures.
  warnings.warn(
 65%|██████▍   | 194/300 [48:21<36:40, 20.76s/it]/depot/cms/kernels/coffea2024/lib/python3.10/site-packages/distributed/client.py:3157: UserWarning: Sending large graph of size 21.01 MiB.
This may cause some slowdown.
Consider scattering data ahead of time and using futures.
  warnings.warn(
 65%|██████▌   | 195/300 [48:33<31:51, 18.21s/it]2024-03-22 03:12:12,476 - distributed.utils_perf - WARNING - full garbage collections took 22% CPU time recently (threshold: 10%)
/depot/cms/kernels/coffea2024/lib/python3.10/site-packages/distributed/client.py:3157: UserWarning: Sending large graph of size 31.62 MiB.
This may cause some slowdown.
Consider scattering data ahead of time and using futures.
  warnings.warn(
 65%|██████▌   | 196/300 [49:08<40:10, 23.18s/it]/depot/cms/kernels/coffea2024/lib/python3.10/site-packages/distributed/client.py:3157: UserWarning: Sending large graph of size 37.22 MiB.
This may cause some slowdown.
Consider scattering data ahead of time and using futures.
  warnings.warn(
 66%|██████▌   | 197/300 [49:28<38:07, 22.21s/it]/depot/cms/kernels/coffea2024/lib/python3.10/site-packages/distributed/client.py:3157: UserWarning: Sending large graph of size 30.60 MiB.
This may cause some slowdown.
Consider scattering data ahead of time and using futures.
  warnings.warn(
 66%|██████▋   | 199/300 [49:59<31:33, 18.74s/it]/depot/cms/kernels/coffea2024/lib/python3.10/site-packages/distributed/client.py:3157: UserWarning: Sending large graph of size 30.01 MiB.
This may cause some slowdown.
Consider scattering data ahead of time and using futures.
  warnings.warn(
 67%|██████▋   | 200/300 [50:27<35:46, 21.46s/it]/depot/cms/kernels/coffea2024/lib/python3.10/site-packages/distributed/client.py:3157: UserWarning: Sending large graph of size 37.89 MiB.
This may cause some slowdown.
Consider scattering data ahead of time and using futures.
  warnings.warn(
 67%|██████▋   | 201/300 [50:57<39:57, 24.22s/it]/depot/cms/kernels/coffea2024/lib/python3.10/site-packages/distributed/client.py:3157: UserWarning: Sending large graph of size 39.15 MiB.
This may cause some slowdown.
Consider scattering data ahead of time and using futures.
  warnings.warn(
 67%|██████▋   | 202/300 [51:18<37:37, 23.03s/it]/depot/cms/kernels/coffea2024/lib/python3.10/site-packages/distributed/client.py:3157: UserWarning: Sending large graph of size 24.23 MiB.
This may cause some slowdown.
Consider scattering data ahead of time and using futures.
  warnings.warn(
 68%|██████▊   | 203/300 [51:30<31:54, 19.73s/it]/depot/cms/kernels/coffea2024/lib/python3.10/site-packages/distributed/client.py:3157: UserWarning: Sending large graph of size 22.91 MiB.
This may cause some slowdown.
Consider scattering data ahead of time and using futures.
  warnings.warn(
 68%|██████▊   | 204/300 [51:41<27:44, 17.34s/it]/depot/cms/kernels/coffea2024/lib/python3.10/site-packages/distributed/client.py:3157: UserWarning: Sending large graph of size 31.52 MiB.
This may cause some slowdown.
Consider scattering data ahead of time and using futures.
  warnings.warn(
 68%|██████▊   | 205/300 [52:01<28:31, 18.02s/it]2024-03-22 03:15:42,268 - distributed.utils_perf - WARNING - full garbage collections took 22% CPU time recently (threshold: 10%)
 69%|██████▉   | 207/300 [53:00<35:36, 22.98s/it]/depot/cms/kernels/coffea2024/lib/python3.10/site-packages/distributed/client.py:3157: UserWarning: Sending large graph of size 35.25 MiB.
This may cause some slowdown.
Consider scattering data ahead of time and using futures.
  warnings.warn(
 69%|██████▉   | 208/300 [53:14<31:29, 20.54s/it]/depot/cms/kernels/coffea2024/lib/python3.10/site-packages/distributed/client.py:3157: UserWarning: Sending large graph of size 22.30 MiB.
This may cause some slowdown.
Consider scattering data ahead of time and using futures.
  warnings.warn(
 70%|██████▉   | 209/300 [53:27<27:22, 18.05s/it]/depot/cms/kernels/coffea2024/lib/python3.10/site-packages/distributed/client.py:3157: UserWarning: Sending large graph of size 34.62 MiB.
This may cause some slowdown.
Consider scattering data ahead of time and using futures.
  warnings.warn(
 70%|███████   | 210/300 [53:45<27:17, 18.19s/it]/depot/cms/kernels/coffea2024/lib/python3.10/site-packages/distributed/client.py:3157: UserWarning: Sending large graph of size 35.22 MiB.
This may cause some slowdown.
Consider scattering data ahead of time and using futures.
  warnings.warn(
 70%|███████   | 211/300 [54:10<29:45, 20.07s/it]/depot/cms/kernels/coffea2024/lib/python3.10/site-packages/distributed/client.py:3157: UserWarning: Sending large graph of size 32.90 MiB.
This may cause some slowdown.
Consider scattering data ahead of time and using futures.
  warnings.warn(
 71%|███████   | 212/300 [54:32<30:23, 20.72s/it]/depot/cms/kernels/coffea2024/lib/python3.10/site-packages/distributed/client.py:3157: UserWarning: Sending large graph of size 34.96 MiB.
This may cause some slowdown.
Consider scattering data ahead of time and using futures.
  warnings.warn(
 71%|███████   | 213/300 [54:51<29:11, 20.14s/it]/depot/cms/kernels/coffea2024/lib/python3.10/site-packages/distributed/client.py:3157: UserWarning: Sending large graph of size 22.60 MiB.
This may cause some slowdown.
Consider scattering data ahead of time and using futures.
  warnings.warn(
 71%|███████▏  | 214/300 [55:01<24:45, 17.27s/it]/depot/cms/kernels/coffea2024/lib/python3.10/site-packages/distributed/client.py:3157: UserWarning: Sending large graph of size 31.65 MiB.
This may cause some slowdown.
Consider scattering data ahead of time and using futures.
  warnings.warn(
 72%|███████▏  | 215/300 [55:29<28:42, 20.26s/it]/depot/cms/kernels/coffea2024/lib/python3.10/site-packages/distributed/client.py:3157: UserWarning: Sending large graph of size 22.31 MiB.
This may cause some slowdown.
Consider scattering data ahead of time and using futures.
  warnings.warn(
 72%|███████▏  | 216/300 [55:43<25:46, 18.41s/it]2024-03-22 03:19:23,257 - distributed.utils_perf - WARNING - full garbage collections took 23% CPU time recently (threshold: 10%)
 72%|███████▏  | 217/300 [56:17<32:08, 23.24s/it]/depot/cms/kernels/coffea2024/lib/python3.10/site-packages/distributed/client.py:3157: UserWarning: Sending large graph of size 38.20 MiB.
This may cause some slowdown.
Consider scattering data ahead of time and using futures.
  warnings.warn(
 73%|███████▎  | 219/300 [56:43<23:10, 17.17s/it]/depot/cms/kernels/coffea2024/lib/python3.10/site-packages/distributed/client.py:3157: UserWarning: Sending large graph of size 32.53 MiB.
This may cause some slowdown.
Consider scattering data ahead of time and using futures.
  warnings.warn(
 73%|███████▎  | 220/300 [57:01<23:22, 17.53s/it]/depot/cms/kernels/coffea2024/lib/python3.10/site-packages/distributed/client.py:3157: UserWarning: Sending large graph of size 37.63 MiB.
This may cause some slowdown.
Consider scattering data ahead of time and using futures.
  warnings.warn(
 74%|███████▍  | 223/300 [58:08<26:24, 20.58s/it]/depot/cms/kernels/coffea2024/lib/python3.10/site-packages/distributed/client.py:3157: UserWarning: Sending large graph of size 34.28 MiB.
This may cause some slowdown.
Consider scattering data ahead of time and using futures.
  warnings.warn(
 75%|███████▍  | 224/300 [58:29<26:07, 20.63s/it]/depot/cms/kernels/coffea2024/lib/python3.10/site-packages/distributed/client.py:3157: UserWarning: Sending large graph of size 38.77 MiB.
This may cause some slowdown.
Consider scattering data ahead of time and using futures.
  warnings.warn(
 75%|███████▌  | 225/300 [58:52<26:36, 21.29s/it]/depot/cms/kernels/coffea2024/lib/python3.10/site-packages/distributed/client.py:3157: UserWarning: Sending large graph of size 36.85 MiB.
This may cause some slowdown.
Consider scattering data ahead of time and using futures.
  warnings.warn(
 75%|███████▌  | 226/300 [59:13<26:25, 21.42s/it]/depot/cms/kernels/coffea2024/lib/python3.10/site-packages/distributed/client.py:3157: UserWarning: Sending large graph of size 36.93 MiB.
This may cause some slowdown.
Consider scattering data ahead of time and using futures.
  warnings.warn(
 76%|███████▌  | 227/300 [59:40<27:58, 23.00s/it]2024-03-22 03:23:19,995 - distributed.utils_perf - WARNING - full garbage collections took 24% CPU time recently (threshold: 10%)
/depot/cms/kernels/coffea2024/lib/python3.10/site-packages/distributed/client.py:3157: UserWarning: Sending large graph of size 36.84 MiB.
This may cause some slowdown.
Consider scattering data ahead of time and using futures.
  warnings.warn(
 76%|███████▌  | 228/300 [1:00:20<33:37, 28.02s/it]/depot/cms/kernels/coffea2024/lib/python3.10/site-packages/distributed/client.py:3157: UserWarning: Sending large graph of size 31.37 MiB.
This may cause some slowdown.
Consider scattering data ahead of time and using futures.
  warnings.warn(
 76%|███████▋  | 229/300 [1:00:37<29:26, 24.89s/it]/depot/cms/kernels/coffea2024/lib/python3.10/site-packages/distributed/client.py:3157: UserWarning: Sending large graph of size 24.56 MiB.
This may cause some slowdown.
Consider scattering data ahead of time and using futures.
  warnings.warn(
 77%|███████▋  | 231/300 [1:01:16<25:31, 22.20s/it]/depot/cms/kernels/coffea2024/lib/python3.10/site-packages/distributed/client.py:3157: UserWarning: Sending large graph of size 31.47 MiB.
This may cause some slowdown.
Consider scattering data ahead of time and using futures.
  warnings.warn(
 77%|███████▋  | 232/300 [1:01:33<23:25, 20.67s/it]/depot/cms/kernels/coffea2024/lib/python3.10/site-packages/distributed/client.py:3157: UserWarning: Sending large graph of size 36.41 MiB.
This may cause some slowdown.
Consider scattering data ahead of time and using futures.
  warnings.warn(
 78%|███████▊  | 233/300 [1:01:52<22:29, 20.15s/it]/depot/cms/kernels/coffea2024/lib/python3.10/site-packages/distributed/client.py:3157: UserWarning: Sending large graph of size 37.13 MiB.
This may cause some slowdown.
Consider scattering data ahead of time and using futures.
  warnings.warn(
 78%|███████▊  | 234/300 [1:02:08<20:49, 18.93s/it]/depot/cms/kernels/coffea2024/lib/python3.10/site-packages/distributed/client.py:3157: UserWarning: Sending large graph of size 25.26 MiB.
This may cause some slowdown.
Consider scattering data ahead of time and using futures.
  warnings.warn(
 78%|███████▊  | 235/300 [1:02:27<20:23, 18.83s/it]/depot/cms/kernels/coffea2024/lib/python3.10/site-packages/distributed/client.py:3157: UserWarning: Sending large graph of size 35.94 MiB.
This may cause some slowdown.
Consider scattering data ahead of time and using futures.
  warnings.warn(
 79%|███████▊  | 236/300 [1:02:47<20:39, 19.36s/it]/depot/cms/kernels/coffea2024/lib/python3.10/site-packages/distributed/client.py:3157: UserWarning: Sending large graph of size 31.35 MiB.
This may cause some slowdown.
Consider scattering data ahead of time and using futures.
  warnings.warn(
 79%|███████▉  | 237/300 [1:03:13<22:17, 21.23s/it]2024-03-22 03:26:54,462 - distributed.utils_perf - WARNING - full garbage collections took 25% CPU time recently (threshold: 10%)
/depot/cms/kernels/coffea2024/lib/python3.10/site-packages/distributed/client.py:3157: UserWarning: Sending large graph of size 38.42 MiB.
This may cause some slowdown.
Consider scattering data ahead of time and using futures.
  warnings.warn(
 79%|███████▉  | 238/300 [1:03:56<28:43, 27.80s/it]/depot/cms/kernels/coffea2024/lib/python3.10/site-packages/distributed/client.py:3157: UserWarning: Sending large graph of size 35.76 MiB.
This may cause some slowdown.
Consider scattering data ahead of time and using futures.
  warnings.warn(
 80%|████████  | 240/300 [1:04:38<24:00, 24.01s/it]/depot/cms/kernels/coffea2024/lib/python3.10/site-packages/distributed/client.py:3157: UserWarning: Sending large graph of size 36.39 MiB.
This may cause some slowdown.
Consider scattering data ahead of time and using futures.
  warnings.warn(
 80%|████████  | 241/300 [1:04:57<22:03, 22.44s/it]/depot/cms/kernels/coffea2024/lib/python3.10/site-packages/distributed/client.py:3157: UserWarning: Sending large graph of size 26.57 MiB.
This may cause some slowdown.
Consider scattering data ahead of time and using futures.
  warnings.warn(
 81%|████████  | 242/300 [1:05:10<18:53, 19.54s/it]/depot/cms/kernels/coffea2024/lib/python3.10/site-packages/distributed/client.py:3157: UserWarning: Sending large graph of size 32.44 MiB.
This may cause some slowdown.
Consider scattering data ahead of time and using futures.
  warnings.warn(
 81%|████████  | 243/300 [1:05:29<18:35, 19.57s/it]/depot/cms/kernels/coffea2024/lib/python3.10/site-packages/distributed/client.py:3157: UserWarning: Sending large graph of size 30.77 MiB.
This may cause some slowdown.
Consider scattering data ahead of time and using futures.
  warnings.warn(
 81%|████████▏ | 244/300 [1:05:44<16:53, 18.11s/it]/depot/cms/kernels/coffea2024/lib/python3.10/site-packages/distributed/client.py:3157: UserWarning: Sending large graph of size 34.85 MiB.
This may cause some slowdown.
Consider scattering data ahead of time and using futures.
  warnings.warn(
 82%|████████▏ | 245/300 [1:06:01<16:12, 17.69s/it]/depot/cms/kernels/coffea2024/lib/python3.10/site-packages/distributed/client.py:3157: UserWarning: Sending large graph of size 34.27 MiB.
This may cause some slowdown.
Consider scattering data ahead of time and using futures.
  warnings.warn(
 82%|████████▏ | 246/300 [1:06:25<17:35, 19.55s/it]/depot/cms/kernels/coffea2024/lib/python3.10/site-packages/distributed/client.py:3157: UserWarning: Sending large graph of size 34.46 MiB.
This may cause some slowdown.
Consider scattering data ahead of time and using futures.
  warnings.warn(
 82%|████████▏ | 247/300 [1:06:51<19:07, 21.65s/it]/depot/cms/kernels/coffea2024/lib/python3.10/site-packages/distributed/client.py:3157: UserWarning: Sending large graph of size 30.40 MiB.
This may cause some slowdown.
Consider scattering data ahead of time and using futures.
  warnings.warn(
2024-03-22 03:30:32,706 - distributed.utils_perf - WARNING - full garbage collections took 25% CPU time recently (threshold: 10%)
 83%|████████▎ | 248/300 [1:07:34<24:17, 28.02s/it]/depot/cms/kernels/coffea2024/lib/python3.10/site-packages/distributed/client.py:3157: UserWarning: Sending large graph of size 35.06 MiB.
This may cause some slowdown.
Consider scattering data ahead of time and using futures.
  warnings.warn(
 83%|████████▎ | 249/300 [1:07:55<21:56, 25.82s/it]/depot/cms/kernels/coffea2024/lib/python3.10/site-packages/distributed/client.py:3157: UserWarning: Sending large graph of size 36.71 MiB.
This may cause some slowdown.
Consider scattering data ahead of time and using futures.
  warnings.warn(
 84%|████████▎ | 251/300 [1:08:47<21:14, 26.00s/it]/depot/cms/kernels/coffea2024/lib/python3.10/site-packages/distributed/client.py:3157: UserWarning: Sending large graph of size 27.34 MiB.
This may cause some slowdown.
Consider scattering data ahead of time and using futures.
  warnings.warn(
 84%|████████▍ | 252/300 [1:08:59<17:34, 21.97s/it]/depot/cms/kernels/coffea2024/lib/python3.10/site-packages/distributed/client.py:3157: UserWarning: Sending large graph of size 27.69 MiB.
This may cause some slowdown.
Consider scattering data ahead of time and using futures.
  warnings.warn(
 84%|████████▍ | 253/300 [1:09:14<15:29, 19.78s/it]/depot/cms/kernels/coffea2024/lib/python3.10/site-packages/distributed/client.py:3157: UserWarning: Sending large graph of size 24.18 MiB.
This may cause some slowdown.
Consider scattering data ahead of time and using futures.
  warnings.warn(
 85%|████████▍ | 254/300 [1:09:28<13:55, 18.17s/it]/depot/cms/kernels/coffea2024/lib/python3.10/site-packages/distributed/client.py:3157: UserWarning: Sending large graph of size 36.73 MiB.
This may cause some slowdown.
Consider scattering data ahead of time and using futures.
  warnings.warn(
 86%|████████▌ | 257/300 [1:10:14<11:27, 16.00s/it]2024-03-22 03:33:55,547 - distributed.utils_perf - WARNING - full garbage collections took 25% CPU time recently (threshold: 10%)
 86%|████████▌ | 258/300 [1:11:13<20:17, 28.99s/it]/depot/cms/kernels/coffea2024/lib/python3.10/site-packages/distributed/client.py:3157: UserWarning: Sending large graph of size 21.79 MiB.
This may cause some slowdown.
Consider scattering data ahead of time and using futures.
  warnings.warn(
 86%|████████▋ | 259/300 [1:11:26<16:34, 24.26s/it]/depot/cms/kernels/coffea2024/lib/python3.10/site-packages/distributed/client.py:3157: UserWarning: Sending large graph of size 32.57 MiB.
This may cause some slowdown.
Consider scattering data ahead of time and using futures.
  warnings.warn(
 87%|████████▋ | 260/300 [1:11:42<14:35, 21.88s/it]/depot/cms/kernels/coffea2024/lib/python3.10/site-packages/distributed/client.py:3157: UserWarning: Sending large graph of size 28.35 MiB.
This may cause some slowdown.
Consider scattering data ahead of time and using futures.
  warnings.warn(
 87%|████████▋ | 261/300 [1:11:56<12:38, 19.45s/it]/depot/cms/kernels/coffea2024/lib/python3.10/site-packages/distributed/client.py:3157: UserWarning: Sending large graph of size 20.09 MiB.
This may cause some slowdown.
Consider scattering data ahead of time and using futures.
  warnings.warn(
 87%|████████▋ | 262/300 [1:12:08<10:48, 17.06s/it]/depot/cms/kernels/coffea2024/lib/python3.10/site-packages/distributed/client.py:3157: UserWarning: Sending large graph of size 22.84 MiB.
This may cause some slowdown.
Consider scattering data ahead of time and using futures.
  warnings.warn(
 88%|████████▊ | 264/300 [1:12:35<09:26, 15.74s/it]/depot/cms/kernels/coffea2024/lib/python3.10/site-packages/distributed/client.py:3157: UserWarning: Sending large graph of size 37.92 MiB.
This may cause some slowdown.
Consider scattering data ahead of time and using futures.
  warnings.warn(
 88%|████████▊ | 265/300 [1:13:00<10:43, 18.38s/it]/depot/cms/kernels/coffea2024/lib/python3.10/site-packages/distributed/client.py:3157: UserWarning: Sending large graph of size 30.50 MiB.
This may cause some slowdown.
Consider scattering data ahead of time and using futures.
  warnings.warn(
 89%|████████▊ | 266/300 [1:13:20<10:38, 18.77s/it]/depot/cms/kernels/coffea2024/lib/python3.10/site-packages/distributed/client.py:3157: UserWarning: Sending large graph of size 35.84 MiB.
This may cause some slowdown.
Consider scattering data ahead of time and using futures.
  warnings.warn(
 89%|████████▉ | 268/300 [1:13:53<09:26, 17.72s/it]2024-03-22 03:37:34,943 - distributed.utils_perf - WARNING - full garbage collections took 25% CPU time recently (threshold: 10%)
/depot/cms/kernels/coffea2024/lib/python3.10/site-packages/distributed/client.py:3157: UserWarning: Sending large graph of size 33.29 MiB.
This may cause some slowdown.
Consider scattering data ahead of time and using futures.
  warnings.warn(
 90%|█████████ | 270/300 [1:14:53<11:13, 22.44s/it]/depot/cms/kernels/coffea2024/lib/python3.10/site-packages/distributed/client.py:3157: UserWarning: Sending large graph of size 22.70 MiB.
This may cause some slowdown.
Consider scattering data ahead of time and using futures.
  warnings.warn(
 90%|█████████ | 271/300 [1:15:04<09:12, 19.06s/it]/depot/cms/kernels/coffea2024/lib/python3.10/site-packages/distributed/client.py:3157: UserWarning: Sending large graph of size 36.78 MiB.
This may cause some slowdown.
Consider scattering data ahead of time and using futures.
  warnings.warn(
 91%|█████████ | 272/300 [1:15:23<08:46, 18.81s/it]/depot/cms/kernels/coffea2024/lib/python3.10/site-packages/distributed/client.py:3157: UserWarning: Sending large graph of size 26.70 MiB.
This may cause some slowdown.
Consider scattering data ahead of time and using futures.
  warnings.warn(
 91%|█████████▏| 274/300 [1:16:02<08:14, 19.02s/it]/depot/cms/kernels/coffea2024/lib/python3.10/site-packages/distributed/client.py:3157: UserWarning: Sending large graph of size 30.25 MiB.
This may cause some slowdown.
Consider scattering data ahead of time and using futures.
  warnings.warn(
 92%|█████████▏| 276/300 [1:16:24<05:47, 14.46s/it]/depot/cms/kernels/coffea2024/lib/python3.10/site-packages/distributed/client.py:3157: UserWarning: Sending large graph of size 24.90 MiB.
This may cause some slowdown.
Consider scattering data ahead of time and using futures.
  warnings.warn(
 92%|█████████▏| 277/300 [1:16:37<05:18, 13.87s/it]/depot/cms/kernels/coffea2024/lib/python3.10/site-packages/distributed/client.py:3157: UserWarning: Sending large graph of size 29.28 MiB.
This may cause some slowdown.
Consider scattering data ahead of time and using futures.
  warnings.warn(
 93%|█████████▎| 278/300 [1:16:52<05:13, 14.25s/it]/depot/cms/kernels/coffea2024/lib/python3.10/site-packages/distributed/client.py:3157: UserWarning: Sending large graph of size 34.21 MiB.
This may cause some slowdown.
Consider scattering data ahead of time and using futures.
  warnings.warn(
2024-03-22 03:40:34,247 - distributed.utils_perf - WARNING - full garbage collections took 25% CPU time recently (threshold: 10%)
 93%|█████████▎| 279/300 [1:17:36<08:08, 23.26s/it]/depot/cms/kernels/coffea2024/lib/python3.10/site-packages/distributed/client.py:3157: UserWarning: Sending large graph of size 32.12 MiB.
This may cause some slowdown.
Consider scattering data ahead of time and using futures.
  warnings.warn(
 93%|█████████▎| 280/300 [1:18:04<08:11, 24.55s/it]/depot/cms/kernels/coffea2024/lib/python3.10/site-packages/distributed/client.py:3157: UserWarning: Sending large graph of size 23.09 MiB.
This may cause some slowdown.
Consider scattering data ahead of time and using futures.
  warnings.warn(
 94%|█████████▎| 281/300 [1:18:15<06:28, 20.45s/it]/depot/cms/kernels/coffea2024/lib/python3.10/site-packages/distributed/client.py:3157: UserWarning: Sending large graph of size 36.54 MiB.
This may cause some slowdown.
Consider scattering data ahead of time and using futures.
  warnings.warn(
 94%|█████████▍| 283/300 [1:18:50<05:24, 19.08s/it]/depot/cms/kernels/coffea2024/lib/python3.10/site-packages/distributed/client.py:3157: UserWarning: Sending large graph of size 36.92 MiB.
This may cause some slowdown.
Consider scattering data ahead of time and using futures.
  warnings.warn(
 95%|█████████▍| 284/300 [1:19:12<05:15, 19.75s/it]/depot/cms/kernels/coffea2024/lib/python3.10/site-packages/distributed/client.py:3157: UserWarning: Sending large graph of size 29.96 MiB.
This may cause some slowdown.
Consider scattering data ahead of time and using futures.
  warnings.warn(
 95%|█████████▌| 285/300 [1:19:27<04:36, 18.45s/it]/depot/cms/kernels/coffea2024/lib/python3.10/site-packages/distributed/client.py:3157: UserWarning: Sending large graph of size 36.40 MiB.
This may cause some slowdown.
Consider scattering data ahead of time and using futures.
  warnings.warn(
 95%|█████████▌| 286/300 [1:19:46<04:18, 18.48s/it]/depot/cms/kernels/coffea2024/lib/python3.10/site-packages/distributed/client.py:3157: UserWarning: Sending large graph of size 21.81 MiB.
This may cause some slowdown.
Consider scattering data ahead of time and using futures.
  warnings.warn(
 96%|█████████▌| 287/300 [1:19:58<03:35, 16.57s/it]/depot/cms/kernels/coffea2024/lib/python3.10/site-packages/distributed/client.py:3157: UserWarning: Sending large graph of size 35.17 MiB.
This may cause some slowdown.
Consider scattering data ahead of time and using futures.
  warnings.warn(
 96%|█████████▌| 288/300 [1:20:21<03:43, 18.66s/it]/depot/cms/kernels/coffea2024/lib/python3.10/site-packages/distributed/client.py:3157: UserWarning: Sending large graph of size 35.79 MiB.
This may cause some slowdown.
Consider scattering data ahead of time and using futures.
  warnings.warn(
2024-03-22 03:44:03,999 - distributed.utils_perf - WARNING - full garbage collections took 25% CPU time recently (threshold: 10%)
 96%|█████████▋| 289/300 [1:21:09<05:03, 27.56s/it]/depot/cms/kernels/coffea2024/lib/python3.10/site-packages/distributed/client.py:3157: UserWarning: Sending large graph of size 24.69 MiB.
This may cause some slowdown.
Consider scattering data ahead of time and using futures.
  warnings.warn(
 97%|█████████▋| 290/300 [1:21:27<04:05, 24.59s/it]/depot/cms/kernels/coffea2024/lib/python3.10/site-packages/distributed/client.py:3157: UserWarning: Sending large graph of size 20.07 MiB.
This may cause some slowdown.
Consider scattering data ahead of time and using futures.
  warnings.warn(
 97%|█████████▋| 291/300 [1:21:36<02:59, 19.97s/it]/depot/cms/kernels/coffea2024/lib/python3.10/site-packages/distributed/client.py:3157: UserWarning: Sending large graph of size 22.21 MiB.
This may cause some slowdown.
Consider scattering data ahead of time and using futures.
  warnings.warn(
 97%|█████████▋| 292/300 [1:21:46<02:15, 16.92s/it]/depot/cms/kernels/coffea2024/lib/python3.10/site-packages/distributed/client.py:3157: UserWarning: Sending large graph of size 35.57 MiB.
This may cause some slowdown.
Consider scattering data ahead of time and using futures.
  warnings.warn(
 98%|█████████▊| 293/300 [1:22:06<02:04, 17.78s/it]/depot/cms/kernels/coffea2024/lib/python3.10/site-packages/distributed/client.py:3157: UserWarning: Sending large graph of size 24.72 MiB.
This may cause some slowdown.
Consider scattering data ahead of time and using futures.
  warnings.warn(
 98%|█████████▊| 294/300 [1:22:18<01:36, 16.01s/it]/depot/cms/kernels/coffea2024/lib/python3.10/site-packages/distributed/client.py:3157: UserWarning: Sending large graph of size 32.85 MiB.
This may cause some slowdown.
Consider scattering data ahead of time and using futures.
  warnings.warn(
 99%|█████████▊| 296/300 [1:22:52<01:05, 16.37s/it]/depot/cms/kernels/coffea2024/lib/python3.10/site-packages/distributed/client.py:3157: UserWarning: Sending large graph of size 37.30 MiB.
This may cause some slowdown.
Consider scattering data ahead of time and using futures.
  warnings.warn(
 99%|█████████▉| 297/300 [1:23:12<00:52, 17.47s/it]/depot/cms/kernels/coffea2024/lib/python3.10/site-packages/distributed/client.py:3157: UserWarning: Sending large graph of size 34.63 MiB.
This may cause some slowdown.
Consider scattering data ahead of time and using futures.
  warnings.warn(
 99%|█████████▉| 298/300 [1:23:32<00:36, 18.21s/it]/depot/cms/kernels/coffea2024/lib/python3.10/site-packages/distributed/client.py:3157: UserWarning: Sending large graph of size 29.25 MiB.
This may cause some slowdown.
Consider scattering data ahead of time and using futures.
  warnings.warn(
2024-03-22 03:47:15,390 - distributed.utils_perf - WARNING - full garbage collections took 25% CPU time recently (threshold: 10%)
100%|█████████▉| 299/300 [1:24:16<00:25, 25.94s/it]/depot/cms/kernels/coffea2024/lib/python3.10/site-packages/distributed/client.py:3157: UserWarning: Sending large graph of size 22.76 MiB.
This may cause some slowdown.
Consider scattering data ahead of time and using futures.
  warnings.warn(
100%|██████████| 300/300 [1:24:27<00:00, 16.89s/it]
